#
# There is insufficient memory for the Java Runtime Environment to continue.
# Native memory allocation (malloc) failed to allocate 2035280 bytes for Chunk::new
# Possible reasons:
#   The system is out of physical RAM or swap space
#   The process is running with CompressedOops enabled, and the Java Heap may be blocking the growth of the native heap
# Possible solutions:
#   Reduce memory load on the system
#   Increase physical memory or swap space
#   Check if swap backing store is full
#   Decrease Java heap size (-Xmx/-Xms)
#   Decrease number of Java threads
#   Decrease Java thread stack sizes (-Xss)
#   Set larger code cache with -XX:ReservedCodeCacheSize=
#   JVM is running with Unscaled Compressed Oops mode in which the Java heap is
#     placed in the first 4GB address space. The Java Heap base address is the
#     maximum limit for the native heap growth. Please use -XX:HeapBaseMinAddress
#     to set the Java Heap base and to place the Java Heap above 4GB virtual address.
# This output file may be truncated or incomplete.
#
#  Out of Memory Error (arena.cpp:168), pid=5108, tid=6224
#
# JRE version: Java(TM) SE Runtime Environment (21.0.5+9) (build 21.0.5+9-LTS-239)
# Java VM: Java HotSpot(TM) 64-Bit Server VM (21.0.5+9-LTS-239, mixed mode, sharing, tiered, compressed oops, compressed class ptrs, g1 gc, windows-amd64)
# No core dump will be written. Minidumps are not enabled by default on client versions of Windows
#

---------------  S U M M A R Y ------------

Command Line: -XX:+ShowCodeDetailsInExceptionMessages -agentlib:jdwp=transport=dt_socket,suspend=y,address=localhost:51222 -javaagent:C:\Users\Dell\eclipse\java-2024-09\eclipse\configuration\org.eclipse.osgi\251\0\.cp\lib\javaagent-shaded.jar -Dfile.encoding=UTF-8 -Dstdout.encoding=UTF-8 -Dstderr.encoding=UTF-8 com.sthapatya.inc.IncApplication

Host: AMD Ryzen 3 3250U with Radeon Graphics         , 4 cores, 3G,  Windows 10 , 64 bit Build 19041 (10.0.19041.5915)
Time: Mon Mar 30 12:04:49 2026 India Standard Time elapsed time: 94.369352 seconds (0d 0h 1m 34s)

---------------  T H R E A D  ---------------

Current thread (0x000001d37365e4e0):  JavaThread "C2 CompilerThread0" daemon [_thread_in_native, id=6224, stack(0x0000006fcb700000,0x0000006fcb800000) (1024K)]


Current CompileTask:
C2:  94369 4674       4       org.eclipse.jdt.launching.internal.org.objectweb.asm.ClassWriter::toByteArray (1535 bytes)

Stack: [0x0000006fcb700000,0x0000006fcb800000]
Native frames: (J=compiled Java code, j=interpreted, Vv=VM code, C=native code)
V  [jvm.dll+0x6ca289]
V  [jvm.dll+0x854a51]
V  [jvm.dll+0x856f7e]
V  [jvm.dll+0x857653]
V  [jvm.dll+0x27dd26]
V  [jvm.dll+0xc4c2d]
V  [jvm.dll+0xc5163]
V  [jvm.dll+0x3b4d3c]
V  [jvm.dll+0x1df613]
V  [jvm.dll+0x246a62]
V  [jvm.dll+0x245eef]
V  [jvm.dll+0x1c6d0e]
V  [jvm.dll+0x2554d9]
V  [jvm.dll+0x253a6a]
V  [jvm.dll+0x3ee136]
V  [jvm.dll+0x7fee9b]
V  [jvm.dll+0x6c896d]
C  [ucrtbase.dll+0x21bb2]
C  [KERNEL32.DLL+0x17374]
C  [ntdll.dll+0x4cc91]


---------------  P R O C E S S  ---------------

Threads class SMR info:
_java_thread_list=0x000001d379db2be0, length=33, elements={
0x000001d373652940, 0x000001d373655750, 0x000001d373658f10, 0x000001d373659960,
0x000001d37365ad00, 0x000001d37365b750, 0x000001d37365e4e0, 0x000001d37366eda0,
0x000001d37364c9f0, 0x000001d37397f2c0, 0x000001d3739e1ae0, 0x000001d3739e2160,
0x000001d37828a3d0, 0x000001d37b6d5390, 0x000001d37b5a5b20, 0x000001d37993f820,
0x000001d37a5ef650, 0x000001d37a574c50, 0x000001d37b3460f0, 0x000001d379764760,
0x000001d379dbff00, 0x000001d379dc0590, 0x000001d379dc0c20, 0x000001d379dc12b0,
0x000001d379dc2cf0, 0x000001d379dc1940, 0x000001d379dc1fd0, 0x000001d379dc2660,
0x000001d379dc3380, 0x000001d378aacfd0, 0x000001d378aaaf00, 0x000001d378aa94c0,
0x000001d378aab590
}

Java Threads: ( => current thread )
  0x000001d373652940 JavaThread "Reference Handler"          daemon [_thread_blocked, id=7216, stack(0x0000006fcb100000,0x0000006fcb200000) (1024K)]
  0x000001d373655750 JavaThread "Finalizer"                  daemon [_thread_blocked, id=11404, stack(0x0000006fcb200000,0x0000006fcb300000) (1024K)]
  0x000001d373658f10 JavaThread "Signal Dispatcher"          daemon [_thread_blocked, id=15932, stack(0x0000006fcb300000,0x0000006fcb400000) (1024K)]
  0x000001d373659960 JavaThread "Attach Listener"            daemon [_thread_blocked, id=9372, stack(0x0000006fcb400000,0x0000006fcb500000) (1024K)]
  0x000001d37365ad00 JavaThread "Service Thread"             daemon [_thread_blocked, id=10256, stack(0x0000006fcb500000,0x0000006fcb600000) (1024K)]
  0x000001d37365b750 JavaThread "Monitor Deflation Thread"   daemon [_thread_blocked, id=13196, stack(0x0000006fcb600000,0x0000006fcb700000) (1024K)]
=>0x000001d37365e4e0 JavaThread "C2 CompilerThread0"         daemon [_thread_in_native, id=6224, stack(0x0000006fcb700000,0x0000006fcb800000) (1024K)]
  0x000001d37366eda0 JavaThread "C1 CompilerThread0"         daemon [_thread_blocked, id=8160, stack(0x0000006fcb800000,0x0000006fcb900000) (1024K)]
  0x000001d37364c9f0 JavaThread "Common-Cleaner"             daemon [_thread_blocked, id=17236, stack(0x0000006fcb900000,0x0000006fcba00000) (1024K)]
  0x000001d37397f2c0 JavaThread "JDWP Transport Listener: dt_socket" daemon [_thread_blocked, id=9116, stack(0x0000006fcba00000,0x0000006fcbb00000) (1024K)]
  0x000001d3739e1ae0 JavaThread "JDWP Event Helper Thread"   daemon [_thread_blocked, id=15032, stack(0x0000006fcbb00000,0x0000006fcbc00000) (1024K)]
  0x000001d3739e2160 JavaThread "JDWP Command Reader"        daemon [_thread_in_native, id=17028, stack(0x0000006fcbc00000,0x0000006fcbd00000) (1024K)]
  0x000001d37828a3d0 JavaThread "Notification Thread"        daemon [_thread_blocked, id=12336, stack(0x0000006fcbd00000,0x0000006fcbe00000) (1024K)]
  0x000001d37b6d5390 JavaThread "Catalina-utility-1"                [_thread_blocked, id=14852, stack(0x0000006fcc100000,0x0000006fcc200000) (1024K)]
  0x000001d37b5a5b20 JavaThread "Catalina-utility-2"                [_thread_blocked, id=12840, stack(0x0000006fcc200000,0x0000006fcc300000) (1024K)]
  0x000001d37993f820 JavaThread "container-0"                       [_thread_blocked, id=13856, stack(0x0000006fcc300000,0x0000006fcc400000) (1024K)]
  0x000001d37a5ef650 JavaThread "BufferPoolPruner-1-thread-1" daemon [_thread_blocked, id=16908, stack(0x0000006fcc400000,0x0000006fcc500000) (1024K)]
  0x000001d37a574c50 JavaThread "cluster-ClusterId{value='69ca19321b8cc5d21c61f712', description='null'}-localhost:27017" daemon [_thread_in_native, id=15948, stack(0x0000006fcc500000,0x0000006fcc600000) (1024K)]
  0x000001d37b3460f0 JavaThread "cluster-rtt-ClusterId{value='69ca19321b8cc5d21c61f712', description='null'}-localhost:27017" daemon [_thread_blocked, id=6372, stack(0x0000006fcc700000,0x0000006fcc800000) (1024K)]
  0x000001d379764760 JavaThread "MaintenanceTimer-2-thread-1" daemon [_thread_blocked, id=16464, stack(0x0000006fcc800000,0x0000006fcc900000) (1024K)]
  0x000001d379dbff00 JavaThread "http-nio-8080-exec-1"       daemon [_thread_in_vm, id=8628, stack(0x0000006fcc900000,0x0000006fcca00000) (1024K)]
  0x000001d379dc0590 JavaThread "http-nio-8080-exec-2"       daemon [_thread_blocked, id=15156, stack(0x0000006fcca00000,0x0000006fccb00000) (1024K)]
  0x000001d379dc0c20 JavaThread "http-nio-8080-exec-3"       daemon [_thread_blocked, id=10480, stack(0x0000006fccb00000,0x0000006fccc00000) (1024K)]
  0x000001d379dc12b0 JavaThread "http-nio-8080-exec-4"       daemon [_thread_blocked, id=500, stack(0x0000006fccc00000,0x0000006fccd00000) (1024K)]
  0x000001d379dc2cf0 JavaThread "http-nio-8080-exec-5"       daemon [_thread_blocked, id=12624, stack(0x0000006fccd00000,0x0000006fcce00000) (1024K)]
  0x000001d379dc1940 JavaThread "http-nio-8080-exec-6"       daemon [_thread_blocked, id=7048, stack(0x0000006fcce00000,0x0000006fccf00000) (1024K)]
  0x000001d379dc1fd0 JavaThread "http-nio-8080-exec-7"       daemon [_thread_blocked, id=12032, stack(0x0000006fccf00000,0x0000006fcd000000) (1024K)]
  0x000001d379dc2660 JavaThread "http-nio-8080-exec-8"       daemon [_thread_blocked, id=16984, stack(0x0000006fcd000000,0x0000006fcd100000) (1024K)]
  0x000001d379dc3380 JavaThread "http-nio-8080-exec-9"       daemon [_thread_blocked, id=17240, stack(0x0000006fcd100000,0x0000006fcd200000) (1024K)]
  0x000001d378aacfd0 JavaThread "http-nio-8080-exec-10"      daemon [_thread_blocked, id=5424, stack(0x0000006fcd200000,0x0000006fcd300000) (1024K)]
  0x000001d378aaaf00 JavaThread "http-nio-8080-Poller"       daemon [_thread_in_native, id=5556, stack(0x0000006fcd300000,0x0000006fcd400000) (1024K)]
  0x000001d378aa94c0 JavaThread "http-nio-8080-Acceptor"     daemon [_thread_in_native, id=7264, stack(0x0000006fcd400000,0x0000006fcd500000) (1024K)]
  0x000001d378aab590 JavaThread "DestroyJavaVM"                     [_thread_blocked, id=13848, stack(0x0000006fca900000,0x0000006fcaa00000) (1024K)]
Total: 33

Other Threads:
  0x000001d358dc9670 VMThread "VM Thread"                           [id=10392, stack(0x0000006fcb000000,0x0000006fcb100000) (1024K)]
  0x000001d37364c0d0 WatcherThread "VM Periodic Task Thread"        [id=16512, stack(0x0000006fcaf00000,0x0000006fcb000000) (1024K)]
  0x000001d358d468c0 WorkerThread "GC Thread#0"                     [id=9048, stack(0x0000006fcaa00000,0x0000006fcab00000) (1024K)]
  0x000001d3782807b0 WorkerThread "GC Thread#1"                     [id=492, stack(0x0000006fcbe00000,0x0000006fcbf00000) (1024K)]
  0x000001d378367570 WorkerThread "GC Thread#2"                     [id=1540, stack(0x0000006fcbf00000,0x0000006fcc000000) (1024K)]
  0x000001d378367910 WorkerThread "GC Thread#3"                     [id=6368, stack(0x0000006fcc000000,0x0000006fcc100000) (1024K)]
  0x000001d358d4ed80 ConcurrentGCThread "G1 Main Marker"            [id=7772, stack(0x0000006fcab00000,0x0000006fcac00000) (1024K)]
  0x000001d358d4f790 WorkerThread "G1 Conc#0"                       [id=14492, stack(0x0000006fcac00000,0x0000006fcad00000) (1024K)]
  0x000001d358da62a0 ConcurrentGCThread "G1 Refine#0"               [id=11772, stack(0x0000006fcad00000,0x0000006fcae00000) (1024K)]
  0x000001d358da7d30 ConcurrentGCThread "G1 Service"                [id=16456, stack(0x0000006fcae00000,0x0000006fcaf00000) (1024K)]
Total: 10

Threads with active compile tasks:
C2 CompilerThread0    94458 4674       4       org.eclipse.jdt.launching.internal.org.objectweb.asm.ClassWriter::toByteArray (1535 bytes)
Total: 1

VM state: not at safepoint (normal execution)

VM Mutex/Monitor currently owned by a thread: None

Heap address: 0x00000000c9c00000, size: 868 MB, Compressed Oops mode: 32-bit

CDS archive(s) mapped at: [0x000001d300000000-0x000001d300c90000-0x000001d300c90000), size 13172736, SharedBaseAddress: 0x000001d300000000, ArchiveRelocationMode: 1.
Compressed class space mapped at: 0x000001d301000000-0x000001d341000000, reserved size: 1073741824
Narrow klass base: 0x000001d300000000, Narrow klass shift: 0, Narrow klass range: 0x100000000

GC Precious Log:
 CardTable entry size: 512
 Card Set container configuration: InlinePtr #cards 5 size 8 Array Of Cards #cards 12 size 40 Howl #buckets 4 coarsen threshold 1843 Howl Bitmap #cards 512 size 80 coarsen threshold 460 Card regions per heap region 1 cards per card region 2048
 CPUs: 4 total, 4 available
 Memory: 3470M
 Large Page Support: Disabled
 NUMA Support: Disabled
 Compressed Oops: Enabled (32-bit)
 Heap Region Size: 1M
 Heap Min Capacity: 8M
 Heap Initial Capacity: 56M
 Heap Max Capacity: 868M
 Pre-touch: Disabled
 Parallel Workers: 4
 Concurrent Workers: 1
 Concurrent Refinement Workers: 4
 Periodic GC: Disabled

Heap:
 garbage-first heap   total 49152K, used 25205K [0x00000000c9c00000, 0x0000000100000000)
  region size 1024K, 10 young (10240K), 3 survivors (3072K)
 Metaspace       used 40628K, committed 41280K, reserved 1114112K
  class space    used 5120K, committed 5376K, reserved 1048576K

Heap Regions: E=young(eden), S=young(survivor), O=old, HS=humongous(starts), HC=humongous(continues), CS=collection set, F=free, TAMS=top-at-mark-start, PB=parsable bottom
|   0|0x00000000c9c00000, 0x00000000c9d00000, 0x00000000c9d00000|100%| O|  |TAMS 0x00000000c9c00000| PB 0x00000000c9c00000| Untracked 
|   1|0x00000000c9d00000, 0x00000000c9e00000, 0x00000000c9e00000|100%| O|  |TAMS 0x00000000c9d00000| PB 0x00000000c9d00000| Untracked 
|   2|0x00000000c9e00000, 0x00000000c9f00000, 0x00000000c9f00000|100%| O|  |TAMS 0x00000000c9e00000| PB 0x00000000c9e00000| Untracked 
|   3|0x00000000c9f00000, 0x00000000ca000000, 0x00000000ca000000|100%| O|  |TAMS 0x00000000c9f00000| PB 0x00000000c9f00000| Untracked 
|   4|0x00000000ca000000, 0x00000000ca100000, 0x00000000ca100000|100%| O|  |TAMS 0x00000000ca000000| PB 0x00000000ca000000| Untracked 
|   5|0x00000000ca100000, 0x00000000ca200000, 0x00000000ca200000|100%| O|  |TAMS 0x00000000ca100000| PB 0x00000000ca100000| Untracked 
|   6|0x00000000ca200000, 0x00000000ca300000, 0x00000000ca300000|100%| O|  |TAMS 0x00000000ca200000| PB 0x00000000ca200000| Untracked 
|   7|0x00000000ca300000, 0x00000000ca400000, 0x00000000ca400000|100%| O|  |TAMS 0x00000000ca300000| PB 0x00000000ca300000| Untracked 
|   8|0x00000000ca400000, 0x00000000ca500000, 0x00000000ca500000|100%| O|  |TAMS 0x00000000ca400000| PB 0x00000000ca400000| Untracked 
|   9|0x00000000ca500000, 0x00000000ca600000, 0x00000000ca600000|100%| O|  |TAMS 0x00000000ca500000| PB 0x00000000ca500000| Untracked 
|  10|0x00000000ca600000, 0x00000000ca700000, 0x00000000ca700000|100%| O|  |TAMS 0x00000000ca600000| PB 0x00000000ca600000| Untracked 
|  11|0x00000000ca700000, 0x00000000ca700000, 0x00000000ca800000|  0%| F|  |TAMS 0x00000000ca700000| PB 0x00000000ca700000| Untracked 
|  12|0x00000000ca800000, 0x00000000ca900000, 0x00000000ca900000|100%| O|  |TAMS 0x00000000ca800000| PB 0x00000000ca800000| Untracked 
|  13|0x00000000ca900000, 0x00000000caa00000, 0x00000000caa00000|100%| O|  |TAMS 0x00000000ca900000| PB 0x00000000ca900000| Untracked 
|  14|0x00000000caa00000, 0x00000000cab00000, 0x00000000cab00000|100%| O|  |TAMS 0x00000000caa00000| PB 0x00000000caa00000| Untracked 
|  15|0x00000000cab00000, 0x00000000cac00000, 0x00000000cac00000|100%| O|  |TAMS 0x00000000cab00000| PB 0x00000000cab00000| Untracked 
|  16|0x00000000cac00000, 0x00000000cac00000, 0x00000000cad00000|  0%| F|  |TAMS 0x00000000cac00000| PB 0x00000000cac00000| Untracked 
|  17|0x00000000cad00000, 0x00000000cad00000, 0x00000000cae00000|  0%| F|  |TAMS 0x00000000cad00000| PB 0x00000000cad00000| Untracked 
|  18|0x00000000cae00000, 0x00000000cae00000, 0x00000000caf00000|  0%| F|  |TAMS 0x00000000cae00000| PB 0x00000000cae00000| Untracked 
|  19|0x00000000caf00000, 0x00000000caf00000, 0x00000000cb000000|  0%| F|  |TAMS 0x00000000caf00000| PB 0x00000000caf00000| Untracked 
|  20|0x00000000cb000000, 0x00000000cb100000, 0x00000000cb100000|100%| O|  |TAMS 0x00000000cb000000| PB 0x00000000cb000000| Untracked 
|  21|0x00000000cb100000, 0x00000000cb100000, 0x00000000cb200000|  0%| F|  |TAMS 0x00000000cb100000| PB 0x00000000cb100000| Untracked 
|  22|0x00000000cb200000, 0x00000000cb200000, 0x00000000cb300000|  0%| F|  |TAMS 0x00000000cb200000| PB 0x00000000cb200000| Untracked 
|  23|0x00000000cb300000, 0x00000000cb39d740, 0x00000000cb400000| 61%| S|CS|TAMS 0x00000000cb300000| PB 0x00000000cb300000| Complete 
|  24|0x00000000cb400000, 0x00000000cb500000, 0x00000000cb500000|100%| S|CS|TAMS 0x00000000cb400000| PB 0x00000000cb400000| Complete 
|  25|0x00000000cb500000, 0x00000000cb600000, 0x00000000cb600000|100%| S|CS|TAMS 0x00000000cb500000| PB 0x00000000cb500000| Complete 
|  26|0x00000000cb600000, 0x00000000cb600000, 0x00000000cb700000|  0%| F|  |TAMS 0x00000000cb600000| PB 0x00000000cb600000| Untracked 
|  27|0x00000000cb700000, 0x00000000cb700000, 0x00000000cb800000|  0%| F|  |TAMS 0x00000000cb700000| PB 0x00000000cb700000| Untracked 
|  28|0x00000000cb800000, 0x00000000cb800000, 0x00000000cb900000|  0%| F|  |TAMS 0x00000000cb800000| PB 0x00000000cb800000| Untracked 
|  29|0x00000000cb900000, 0x00000000cb900000, 0x00000000cba00000|  0%| F|  |TAMS 0x00000000cb900000| PB 0x00000000cb900000| Untracked 
|  30|0x00000000cba00000, 0x00000000cba00000, 0x00000000cbb00000|  0%| F|  |TAMS 0x00000000cba00000| PB 0x00000000cba00000| Untracked 
|  31|0x00000000cbb00000, 0x00000000cbb00000, 0x00000000cbc00000|  0%| F|  |TAMS 0x00000000cbb00000| PB 0x00000000cbb00000| Untracked 
|  32|0x00000000cbc00000, 0x00000000cbc00000, 0x00000000cbd00000|  0%| F|  |TAMS 0x00000000cbc00000| PB 0x00000000cbc00000| Untracked 
|  33|0x00000000cbd00000, 0x00000000cbd00000, 0x00000000cbe00000|  0%| F|  |TAMS 0x00000000cbd00000| PB 0x00000000cbd00000| Untracked 
|  34|0x00000000cbe00000, 0x00000000cbe00000, 0x00000000cbf00000|  0%| F|  |TAMS 0x00000000cbe00000| PB 0x00000000cbe00000| Untracked 
|  35|0x00000000cbf00000, 0x00000000cbf00000, 0x00000000cc000000|  0%| F|  |TAMS 0x00000000cbf00000| PB 0x00000000cbf00000| Untracked 
|  36|0x00000000cc000000, 0x00000000cc000000, 0x00000000cc100000|  0%| F|  |TAMS 0x00000000cc000000| PB 0x00000000cc000000| Untracked 
|  37|0x00000000cc100000, 0x00000000cc100000, 0x00000000cc200000|  0%| F|  |TAMS 0x00000000cc100000| PB 0x00000000cc100000| Untracked 
|  38|0x00000000cc200000, 0x00000000cc200000, 0x00000000cc300000|  0%| F|  |TAMS 0x00000000cc200000| PB 0x00000000cc200000| Untracked 
|  39|0x00000000cc300000, 0x00000000cc300000, 0x00000000cc400000|  0%| F|  |TAMS 0x00000000cc300000| PB 0x00000000cc300000| Untracked 
|  40|0x00000000cc400000, 0x00000000cc400000, 0x00000000cc500000|  0%| F|  |TAMS 0x00000000cc400000| PB 0x00000000cc400000| Untracked 
|  41|0x00000000cc500000, 0x00000000cc5f5640, 0x00000000cc600000| 95%| E|  |TAMS 0x00000000cc500000| PB 0x00000000cc500000| Complete 
|  42|0x00000000cc600000, 0x00000000cc700000, 0x00000000cc700000|100%| E|CS|TAMS 0x00000000cc600000| PB 0x00000000cc600000| Complete 
|  43|0x00000000cc700000, 0x00000000cc800000, 0x00000000cc800000|100%| E|CS|TAMS 0x00000000cc700000| PB 0x00000000cc700000| Complete 
|  44|0x00000000cc800000, 0x00000000cc900000, 0x00000000cc900000|100%| E|CS|TAMS 0x00000000cc800000| PB 0x00000000cc800000| Complete 
|  45|0x00000000cc900000, 0x00000000cca00000, 0x00000000cca00000|100%| E|CS|TAMS 0x00000000cc900000| PB 0x00000000cc900000| Complete 
|  46|0x00000000cca00000, 0x00000000ccb00000, 0x00000000ccb00000|100%| E|CS|TAMS 0x00000000cca00000| PB 0x00000000cca00000| Complete 
|  55|0x00000000cd300000, 0x00000000cd400000, 0x00000000cd400000|100%| E|CS|TAMS 0x00000000cd300000| PB 0x00000000cd300000| Complete 

Card table byte_map: [0x000001d3701a0000,0x000001d370360000] _byte_map_base: 0x000001d36fb52000

Marking Bits: (CMBitMap*) 0x000001d358d46ed0
 Bits: [0x000001d370360000, 0x000001d3710f0000)

Polling page: 0x000001d356bb0000

Metaspace:

Usage:
  Non-class:     34.68 MB used.
      Class:      5.00 MB used.
       Both:     39.68 MB used.

Virtual space:
  Non-class space:       64.00 MB reserved,      35.06 MB ( 55%) committed,  1 nodes.
      Class space:        1.00 GB reserved,       5.25 MB ( <1%) committed,  1 nodes.
             Both:        1.06 GB reserved,      40.31 MB (  4%) committed. 

Chunk freelists:
   Non-Class:  12.17 MB
       Class:  10.75 MB
        Both:  22.92 MB

MaxMetaspaceSize: unlimited
CompressedClassSpaceSize: 1.00 GB
Initial GC threshold: 21.00 MB
Current GC threshold: 58.69 MB
CDS: on
 - commit_granule_bytes: 65536.
 - commit_granule_words: 8192.
 - virtual_space_node_default_size: 8388608.
 - enlarge_chunks_in_place: 1.
 - use_allocation_guard: 0.


Internal statistics:

num_allocs_failed_limit: 6.
num_arena_births: 904.
num_arena_deaths: 0.
num_vsnodes_births: 2.
num_vsnodes_deaths: 0.
num_space_committed: 645.
num_space_uncommitted: 0.
num_chunks_returned_to_freelist: 6.
num_chunks_taken_from_freelist: 2391.
num_chunk_merges: 6.
num_chunk_splits: 1611.
num_chunks_enlarged: 1161.
num_inconsistent_stats: 0.

CodeHeap 'non-profiled nmethods': size=120000Kb used=2143Kb max_used=2143Kb free=117856Kb
 bounds [0x000001d368c70000, 0x000001d368ee0000, 0x000001d3701a0000]
CodeHeap 'profiled nmethods': size=120000Kb used=8358Kb max_used=8358Kb free=111641Kb
 bounds [0x000001d3611a0000, 0x000001d3619d0000, 0x000001d3686d0000]
CodeHeap 'non-nmethods': size=5760Kb used=1593Kb max_used=1623Kb free=4166Kb
 bounds [0x000001d3686d0000, 0x000001d368940000, 0x000001d368c70000]
 total_blobs=4954 nmethods=4356 adapters=502
 compilation: enabled
              stopped_count=0, restarted_count=0
 full_count=0

Compilation events (20 events):
Event: 87.925 Thread 0x000001d37366eda0 4665       3       org.bson.codecs.BsonTypeCodecMap::get (71 bytes)
Event: 87.937 Thread 0x000001d37366eda0 nmethod 4665 0x000001d3619c5510 code [0x000001d3619c5880, 0x000001d3619c6ee0]
Event: 87.937 Thread 0x000001d37366eda0 4666       3       java.util.Optional::<init> (10 bytes)
Event: 87.937 Thread 0x000001d37366eda0 nmethod 4666 0x000001d3619c7710 code [0x000001d3619c78a0, 0x000001d3619c7a58]
Event: 87.996 Thread 0x000001d37365e4e0 4667       4       java.util.ArrayList::<init> (61 bytes)
Event: 87.996 Thread 0x000001d37366eda0 4668       3       java.nio.ByteBuffer::order (48 bytes)
Event: 87.997 Thread 0x000001d37366eda0 nmethod 4668 0x000001d3619c7b10 code [0x000001d3619c7cc0, 0x000001d3619c7f00]
Event: 87.997 Thread 0x000001d37366eda0 4669       3       org.bson.BsonBinaryReader$Context::<init> (25 bytes)
Event: 88.003 Thread 0x000001d37366eda0 nmethod 4669 0x000001d3619c7f90 code [0x000001d3619c8140, 0x000001d3619c8478]
Event: 88.004 Thread 0x000001d37366eda0 4670       3       org.bson.AbstractBsonReader$Context::<init> (20 bytes)
Event: 88.004 Thread 0x000001d37366eda0 nmethod 4670 0x000001d3619c8590 code [0x000001d3619c8740, 0x000001d3619c89c0]
Event: 88.022 Thread 0x000001d37365e4e0 nmethod 4667 0x000001d368e85c10 code [0x000001d368e85da0, 0x000001d368e86138]
Event: 88.336 Thread 0x000001d37366eda0 4671       3       java.util.concurrent.ScheduledThreadPoolExecutor$ScheduledFutureTask::getDelay (16 bytes)
Event: 88.336 Thread 0x000001d37366eda0 nmethod 4671 0x000001d3619c8a90 code [0x000001d3619c8c40, 0x000001d3619c8de8]
Event: 93.942 Thread 0x000001d37365e4e0 4673       4       sun.net.www.ParseUtil::encodePath (41 bytes)
Event: 93.954 Thread 0x000001d37365e4e0 nmethod 4673 0x000001d368e86510 code [0x000001d368e866c0, 0x000001d368e86930]
Event: 93.978 Thread 0x000001d37365e4e0 4674       4       org.eclipse.jdt.launching.internal.org.objectweb.asm.ClassWriter::toByteArray (1535 bytes)
Event: 94.355 Thread 0x000001d37366eda0 4685       3       java.util.TreeMap::put (8 bytes)
Event: 94.356 Thread 0x000001d37366eda0 nmethod 4685 0x000001d3619c8f10 code [0x000001d3619c90c0, 0x000001d3619c9220]
Event: 94.356 Thread 0x000001d37366eda0 4686       3       java.util.TreeMap::put (221 bytes)

GC Heap History (20 events):
Event: 3.817 GC heap before
{Heap before GC invocations=5 (full 0):
 garbage-first heap   total 57344K, used 37263K [0x00000000c9c00000, 0x0000000100000000)
  region size 1024K, 33 young (33792K), 4 survivors (4096K)
 Metaspace       used 19194K, committed 19584K, reserved 1114112K
  class space    used 2267K, committed 2432K, reserved 1048576K
}
Event: 3.823 GC heap after
{Heap after GC invocations=6 (full 0):
 garbage-first heap   total 57344K, used 9080K [0x00000000c9c00000, 0x0000000100000000)
  region size 1024K, 3 young (3072K), 3 survivors (3072K)
 Metaspace       used 19194K, committed 19584K, reserved 1114112K
  class space    used 2267K, committed 2432K, reserved 1048576K
}
Event: 4.525 GC heap before
{Heap before GC invocations=6 (full 0):
 garbage-first heap   total 57344K, used 32632K [0x00000000c9c00000, 0x0000000100000000)
  region size 1024K, 28 young (28672K), 3 survivors (3072K)
 Metaspace       used 21179K, committed 21504K, reserved 1114112K
  class space    used 2496K, committed 2624K, reserved 1048576K
}
Event: 4.535 GC heap after
{Heap after GC invocations=7 (full 0):
 garbage-first heap   total 57344K, used 10835K [0x00000000c9c00000, 0x0000000100000000)
  region size 1024K, 4 young (4096K), 4 survivors (4096K)
 Metaspace       used 21179K, committed 21504K, reserved 1114112K
  class space    used 2496K, committed 2624K, reserved 1048576K
}
Event: 5.370 GC heap before
{Heap before GC invocations=8 (full 0):
 garbage-first heap   total 40960K, used 31315K [0x00000000c9c00000, 0x0000000100000000)
  region size 1024K, 24 young (24576K), 4 survivors (4096K)
 Metaspace       used 22590K, committed 22976K, reserved 1114112K
  class space    used 2668K, committed 2816K, reserved 1048576K
}
Event: 5.381 GC heap after
{Heap after GC invocations=9 (full 0):
 garbage-first heap   total 40960K, used 11829K [0x00000000c9c00000, 0x0000000100000000)
  region size 1024K, 3 young (3072K), 3 survivors (3072K)
 Metaspace       used 22590K, committed 22976K, reserved 1114112K
  class space    used 2668K, committed 2816K, reserved 1048576K
}
Event: 5.934 GC heap before
{Heap before GC invocations=9 (full 0):
 garbage-first heap   total 40960K, used 33333K [0x00000000c9c00000, 0x0000000100000000)
  region size 1024K, 24 young (24576K), 3 survivors (3072K)
 Metaspace       used 24281K, committed 24704K, reserved 1114112K
  class space    used 2887K, committed 3072K, reserved 1048576K
}
Event: 5.943 GC heap after
{Heap after GC invocations=10 (full 0):
 garbage-first heap   total 49152K, used 12573K [0x00000000c9c00000, 0x0000000100000000)
  region size 1024K, 2 young (2048K), 2 survivors (2048K)
 Metaspace       used 24281K, committed 24704K, reserved 1114112K
  class space    used 2887K, committed 3072K, reserved 1048576K
}
Event: 6.778 GC heap before
{Heap before GC invocations=10 (full 0):
 garbage-first heap   total 49152K, used 39197K [0x00000000c9c00000, 0x0000000100000000)
  region size 1024K, 28 young (28672K), 2 survivors (2048K)
 Metaspace       used 27297K, committed 27840K, reserved 1114112K
  class space    used 3331K, committed 3584K, reserved 1048576K
}
Event: 6.786 GC heap after
{Heap after GC invocations=11 (full 0):
 garbage-first heap   total 49152K, used 14006K [0x00000000c9c00000, 0x0000000100000000)
  region size 1024K, 4 young (4096K), 4 survivors (4096K)
 Metaspace       used 27297K, committed 27840K, reserved 1114112K
  class space    used 3331K, committed 3584K, reserved 1048576K
}
Event: 7.396 GC heap before
{Heap before GC invocations=11 (full 0):
 garbage-first heap   total 49152K, used 38582K [0x00000000c9c00000, 0x0000000100000000)
  region size 1024K, 28 young (28672K), 4 survivors (4096K)
 Metaspace       used 30353K, committed 30912K, reserved 1114112K
  class space    used 3678K, committed 3904K, reserved 1048576K
}
Event: 7.402 GC heap after
{Heap after GC invocations=12 (full 0):
 garbage-first heap   total 49152K, used 14998K [0x00000000c9c00000, 0x0000000100000000)
  region size 1024K, 3 young (3072K), 3 survivors (3072K)
 Metaspace       used 30353K, committed 30912K, reserved 1114112K
  class space    used 3678K, committed 3904K, reserved 1048576K
}
Event: 7.785 GC heap before
{Heap before GC invocations=12 (full 0):
 garbage-first heap   total 49152K, used 40598K [0x00000000c9c00000, 0x0000000100000000)
  region size 1024K, 28 young (28672K), 3 survivors (3072K)
 Metaspace       used 33215K, committed 33792K, reserved 1114112K
  class space    used 4041K, committed 4288K, reserved 1048576K
}
Event: 7.791 GC heap after
{Heap after GC invocations=13 (full 0):
 garbage-first heap   total 49152K, used 15777K [0x00000000c9c00000, 0x0000000100000000)
  region size 1024K, 2 young (2048K), 2 survivors (2048K)
 Metaspace       used 33215K, committed 33792K, reserved 1114112K
  class space    used 4041K, committed 4288K, reserved 1048576K
}
Event: 8.167 GC heap before
{Heap before GC invocations=13 (full 0):
 garbage-first heap   total 49152K, used 35233K [0x00000000c9c00000, 0x0000000100000000)
  region size 1024K, 22 young (22528K), 2 survivors (2048K)
 Metaspace       used 35415K, committed 35968K, reserved 1114112K
  class space    used 4409K, committed 4608K, reserved 1048576K
}
Event: 8.177 GC heap after
{Heap after GC invocations=14 (full 0):
 garbage-first heap   total 49152K, used 16565K [0x00000000c9c00000, 0x0000000100000000)
  region size 1024K, 3 young (3072K), 3 survivors (3072K)
 Metaspace       used 35415K, committed 35968K, reserved 1114112K
  class space    used 4409K, committed 4608K, reserved 1048576K
}
Event: 8.808 GC heap before
{Heap before GC invocations=15 (full 0):
 garbage-first heap   total 49152K, used 42165K [0x00000000c9c00000, 0x0000000100000000)
  region size 1024K, 28 young (28672K), 3 survivors (3072K)
 Metaspace       used 37547K, committed 38208K, reserved 1114112K
  class space    used 4725K, committed 5056K, reserved 1048576K
}
Event: 8.814 GC heap after
{Heap after GC invocations=16 (full 0):
 garbage-first heap   total 49152K, used 18532K [0x00000000c9c00000, 0x0000000100000000)
  region size 1024K, 4 young (4096K), 4 survivors (4096K)
 Metaspace       used 37547K, committed 38208K, reserved 1114112K
  class space    used 4725K, committed 5056K, reserved 1048576K
}
Event: 9.248 GC heap before
{Heap before GC invocations=16 (full 0):
 garbage-first heap   total 49152K, used 41060K [0x00000000c9c00000, 0x0000000100000000)
  region size 1024K, 26 young (26624K), 4 survivors (4096K)
 Metaspace       used 39749K, committed 40384K, reserved 1114112K
  class space    used 5010K, committed 5312K, reserved 1048576K
}
Event: 9.260 GC heap after
{Heap after GC invocations=17 (full 0):
 garbage-first heap   total 49152K, used 19061K [0x00000000c9c00000, 0x0000000100000000)
  region size 1024K, 3 young (3072K), 3 survivors (3072K)
 Metaspace       used 39749K, committed 40384K, reserved 1114112K
  class space    used 5010K, committed 5312K, reserved 1048576K
}

Dll operation events (13 events):
Event: 0.117 Loaded shared library C:\Program Files\Java\jdk-21\bin\java.dll
Event: 0.331 Loaded shared library C:\Program Files\Java\jdk-21\bin\jsvml.dll
Event: 0.710 Loaded shared library C:\Program Files\Java\jdk-21\bin\zip.dll
Event: 0.725 Loaded shared library C:\Program Files\Java\jdk-21\bin\instrument.dll
Event: 0.736 Loaded shared library C:\Program Files\Java\jdk-21\bin\net.dll
Event: 0.740 Loaded shared library C:\Program Files\Java\jdk-21\bin\nio.dll
Event: 0.746 Loaded shared library C:\Program Files\Java\jdk-21\bin\zip.dll
Event: 1.098 Loaded shared library C:\Program Files\Java\jdk-21\bin\jimage.dll
Event: 1.183 Loaded shared library C:\Program Files\Java\jdk-21\bin\verify.dll
Event: 3.876 Loaded shared library C:\Program Files\Java\jdk-21\bin\sunmscapi.dll
Event: 7.129 Loaded shared library C:\Program Files\Java\jdk-21\bin\management.dll
Event: 7.137 Loaded shared library C:\Program Files\Java\jdk-21\bin\management_ext.dll
Event: 7.780 Loaded shared library C:\Program Files\Java\jdk-21\bin\extnet.dll

Deoptimization events (20 events):
Event: 9.328 Thread 0x000001d358d12500 DEOPT PACKING pc=0x000001d36130ce51 sp=0x0000006fca9fe4a0
Event: 9.330 Thread 0x000001d358d12500 DEOPT UNPACKING pc=0x000001d368724e42 sp=0x0000006fca9fd8f8 mode 1
Event: 9.330 Thread 0x000001d358d12500 DEOPT PACKING pc=0x000001d36130c7e4 sp=0x0000006fca9fe530
Event: 9.330 Thread 0x000001d358d12500 DEOPT UNPACKING pc=0x000001d368724e42 sp=0x0000006fca9fd9e8 mode 1
Event: 9.330 Thread 0x000001d358d12500 DEOPT PACKING pc=0x000001d361252074 sp=0x0000006fca9fe850
Event: 9.330 Thread 0x000001d358d12500 DEOPT UNPACKING pc=0x000001d368724e42 sp=0x0000006fca9fddc0 mode 1
Event: 9.330 Thread 0x000001d358d12500 DEOPT PACKING pc=0x000001d36173def4 sp=0x0000006fca9fe980
Event: 9.330 Thread 0x000001d358d12500 DEOPT UNPACKING pc=0x000001d368724e42 sp=0x0000006fca9fdff0 mode 1
Event: 9.330 Thread 0x000001d358d12500 DEOPT PACKING pc=0x000001d3617734d4 sp=0x0000006fca9fec20
Event: 9.330 Thread 0x000001d358d12500 DEOPT UNPACKING pc=0x000001d368724e42 sp=0x0000006fca9fe0e8 mode 1
Event: 9.331 Thread 0x000001d358d12500 DEOPT PACKING pc=0x000001d361252074 sp=0x0000006fca9fe850
Event: 9.331 Thread 0x000001d358d12500 DEOPT UNPACKING pc=0x000001d368724e42 sp=0x0000006fca9fddc0 mode 1
Event: 9.331 Thread 0x000001d358d12500 DEOPT PACKING pc=0x000001d36173def4 sp=0x0000006fca9fe980
Event: 9.331 Thread 0x000001d358d12500 DEOPT UNPACKING pc=0x000001d368724e42 sp=0x0000006fca9fdff0 mode 1
Event: 9.331 Thread 0x000001d358d12500 DEOPT PACKING pc=0x000001d3617734d4 sp=0x0000006fca9fec20
Event: 9.331 Thread 0x000001d358d12500 DEOPT UNPACKING pc=0x000001d368724e42 sp=0x0000006fca9fe0e8 mode 1
Event: 94.162 Thread 0x000001d379dbff00 DEOPT PACKING pc=0x000001d36130ce51 sp=0x0000006fcc9fe070
Event: 94.164 Thread 0x000001d379dbff00 DEOPT UNPACKING pc=0x000001d368724e42 sp=0x0000006fcc9fd4c8 mode 1
Event: 94.165 Thread 0x000001d379dbff00 DEOPT PACKING pc=0x000001d36130c7e4 sp=0x0000006fcc9fe100
Event: 94.167 Thread 0x000001d379dbff00 DEOPT UNPACKING pc=0x000001d368724e42 sp=0x0000006fcc9fd5b8 mode 1

Classes loaded (20 events):
Event: 93.415 Loading class java/util/concurrent/BlockingDeque done
Event: 93.418 Loading class java/util/concurrent/LinkedBlockingDeque done
Event: 93.423 Loading class java/util/concurrent/Semaphore
Event: 93.439 Loading class java/util/concurrent/Semaphore done
Event: 93.442 Loading class java/util/concurrent/Semaphore$NonfairSync
Event: 93.442 Loading class java/util/concurrent/Semaphore$Sync
Event: 93.448 Loading class java/util/concurrent/Semaphore$Sync done
Event: 93.449 Loading class java/util/concurrent/Semaphore$NonfairSync done
Event: 93.454 Loading class sun/nio/ch/SocketAdaptor
Event: 93.489 Loading class sun/nio/ch/SocketAdaptor done
Event: 93.492 Loading class sun/nio/ch/SocketChannelImpl$DefaultOptionsHolder
Event: 93.494 Loading class sun/nio/ch/SocketChannelImpl$DefaultOptionsHolder done
Event: 93.518 Loading class sun/nio/ch/SelectionKeyImpl
Event: 93.531 Loading class java/nio/channels/spi/AbstractSelectionKey
Event: 93.534 Loading class java/nio/channels/SelectionKey
Event: 93.536 Loading class java/nio/channels/SelectionKey done
Event: 93.536 Loading class java/nio/channels/spi/AbstractSelectionKey done
Event: 93.536 Loading class sun/nio/ch/SelectionKeyImpl done
Event: 93.544 Loading class java/lang/invoke/ConstantBootstraps
Event: 93.557 Loading class java/lang/invoke/ConstantBootstraps done

Classes unloaded (0 events):
No events

Classes redefined (0 events):
No events

Internal exceptions (20 events):
Event: 7.799 Thread 0x000001d37a574c50 Exception <a 'java/lang/NoSuchMethodError'{0x00000000cd3d3db0}: 'java.lang.Object java.lang.invoke.DirectMethodHandle$Holder.invokeStatic(java.lang.Object, long, long)'> (0x00000000cd3d3db0) 
thrown [s\open\src\hotspot\share\interpreter\linkResolver.cpp, line 773]
Event: 7.800 Thread 0x000001d37a574c50 Exception <a 'java/lang/NoSuchMethodError'{0x00000000cd3e0358}: 'java.lang.Object java.lang.invoke.DirectMethodHandle$Holder.invokeInterface(java.lang.Object, java.lang.Object, long)'> (0x00000000cd3e0358) 
thrown [s\open\src\hotspot\share\interpreter\linkResolver.cpp, line 773]
Event: 7.805 Thread 0x000001d358d12500 Implicit null exception at 0x000001d368cad4a1 to 0x000001d368cadb80
Event: 7.842 Thread 0x000001d37a574c50 Exception <a 'java/lang/NoSuchMethodError'{0x00000000cc849590}: 'void java.lang.invoke.DirectMethodHandle$Holder.invokeStatic(java.lang.Object, long)'> (0x00000000cc849590) 
thrown [s\open\src\hotspot\share\interpreter\linkResolver.cpp, line 773]
Event: 7.898 Thread 0x000001d37a574c50 Exception <a 'java/lang/NoSuchMethodError'{0x00000000cc5b2a08}: 'void java.lang.invoke.DirectMethodHandle$Holder.invokeStatic(java.lang.Object, java.lang.Object, long)'> (0x00000000cc5b2a08) 
thrown [s\open\src\hotspot\share\interpreter\linkResolver.cpp, line 773]
Event: 7.980 Thread 0x000001d358d12500 Exception <a 'java/lang/IncompatibleClassChangeError'{0x00000000cc1c4950}: Found class java.lang.Object, but interface was expected> (0x00000000cc1c4950) 
thrown [s\open\src\hotspot\share\interpreter\linkResolver.cpp, line 840]
Event: 7.988 Thread 0x000001d358d12500 Exception <a 'java/lang/NoSuchMethodError'{0x00000000cc011e28}: 'java.lang.Object java.lang.invoke.DirectMethodHandle$Holder.newInvokeSpecial(java.lang.Object, java.lang.Object, java.lang.Object, int, int)'> (0x00000000cc011e28) 
thrown [s\open\src\hotspot\share\interpreter\linkResolver.cpp, line 773]
Event: 8.021 Thread 0x000001d358d12500 Exception <a 'java/lang/IncompatibleClassChangeError'{0x00000000cbf84c10}: Found class java.lang.Object, but interface was expected> (0x00000000cbf84c10) 
thrown [s\open\src\hotspot\share\interpreter\linkResolver.cpp, line 840]
Event: 8.087 Thread 0x000001d358d12500 Exception <a 'java/lang/IncompatibleClassChangeError'{0x00000000cbb6f3f0}: Found class java.lang.Object, but interface was expected> (0x00000000cbb6f3f0) 
thrown [s\open\src\hotspot\share\interpreter\linkResolver.cpp, line 840]
Event: 8.413 Thread 0x000001d358d12500 Exception <a 'java/lang/NoSuchMethodError'{0x00000000cc5300a8}: 'long java.lang.invoke.DirectMethodHandle$Holder.invokeVirtual(java.lang.Object, java.lang.Object, java.lang.Object, java.lang.Object, java.lang.Object, java.lang.Object)'> (0x00000000cc5300a8) 
thrown [s\open\src\hotspot\share\interpreter\linkResolver.cpp, line 773]
Event: 8.678 Thread 0x000001d358d12500 Exception <a 'java/lang/NoSuchMethodError'{0x00000000cb97a6e8}: 'java.lang.Object java.lang.invoke.DirectMethodHandle$Holder.newInvokeSpecial(java.lang.Object, java.lang.Object, java.lang.Object, java.lang.Object, java.lang.Object, java.lang.Object, java.lang.Object, java.lang.Object, java.lang.Object, java.lang.Object, java.lang.Object)'> (0x00000000cb97a6e8) 
thrown [s\open\src\hotspot\share\interpreter\linkResolver.cpp, line 773]
Event: 8.794 Thread 0x000001d358d12500 Exception <a 'java/lang/NoSuchMethodError'{0x00000000cb15e0f8}: 'java.lang.Object java.lang.invoke.DirectMethodHandle$Holder.invokeVirtual(java.lang.Object, java.lang.Object, java.lang.Object, int)'> (0x00000000cb15e0f8) 
thrown [s\open\src\hotspot\share\interpreter\linkResolver.cpp, line 773]
Event: 8.835 Thread 0x000001d358d12500 Exception <a 'java/lang/NoSuchMethodError'{0x00000000cca82820}: 'java.lang.Object java.lang.invoke.DirectMethodHandle$Holder.invokeVirtual(java.lang.Object, java.lang.Object, int)'> (0x00000000cca82820) 
thrown [s\open\src\hotspot\share\interpreter\linkResolver.cpp, line 773]
Event: 8.956 Thread 0x000001d358d12500 Exception <a 'java/lang/IncompatibleClassChangeError'{0x00000000cc4dbeb8}: Found class java.lang.Object, but interface was expected> (0x00000000cc4dbeb8) 
thrown [s\open\src\hotspot\share\interpreter\linkResolver.cpp, line 840]
Event: 9.075 Thread 0x000001d358d12500 Exception <a 'java/lang/NoSuchMethodError'{0x00000000cbb5f2d8}: 'int java.lang.invoke.DirectMethodHandle$Holder.invokeStaticInit(java.lang.Object, java.lang.Object, java.lang.Object, java.lang.Object)'> (0x00000000cbb5f2d8) 
thrown [s\open\src\hotspot\share\interpreter\linkResolver.cpp, line 773]
Event: 9.224 Thread 0x000001d358d12500 Exception <a 'java/lang/NoSuchMethodError'{0x00000000cb6748e8}: 'java.lang.Object java.lang.invoke.DirectMethodHandle$Holder.newInvokeSpecial(java.lang.Object, java.lang.Object, int, java.lang.Object, java.lang.Object)'> (0x00000000cb6748e8) 
thrown [s\open\src\hotspot\share\interpreter\linkResolver.cpp, line 773]
Event: 67.759 Thread 0x000001d37a5ef650 Exception <a 'java/lang/NoSuchMethodError'{0x00000000cc83caa8}: 'java.lang.Object java.lang.invoke.DirectMethodHandle$Holder.newInvokeSpecial(java.lang.Object, java.lang.Object, long)'> (0x00000000cc83caa8) 
thrown [s\open\src\hotspot\share\interpreter\linkResolver.cpp, line 773]
Event: 67.778 Thread 0x000001d37a5ef650 Exception <a 'java/lang/NoSuchMethodError'{0x00000000cc83ffd0}: 'java.lang.Object java.lang.invoke.Invokers$Holder.linkToTargetMethod(java.lang.Object, long, java.lang.Object)'> (0x00000000cc83ffd0) 
thrown [s\open\src\hotspot\share\interpreter\linkResolver.cpp, line 773]
Event: 93.290 Thread 0x000001d378aa94c0 Exception <a 'java/lang/NoSuchMethodError'{0x00000000cc8a3648}: 'java.lang.Object java.lang.invoke.DirectMethodHandle$Holder.invokeStatic(java.lang.Object, java.lang.Object, java.lang.Object, int, int)'> (0x00000000cc8a3648) 
thrown [s\open\src\hotspot\share\interpreter\linkResolver.cpp, line 773]
Event: 93.301 Thread 0x000001d378aa94c0 Exception <a 'java/lang/NoSuchMethodError'{0x00000000cc8a6c18}: 'java.lang.Object java.lang.invoke.DirectMethodHandle$Holder.invokeStaticInit(java.lang.Object, java.lang.Object, java.lang.Object, int, int)'> (0x00000000cc8a6c18) 
thrown [s\open\src\hotspot\share\interpreter\linkResolver.cpp, line 773]

ZGC Phase Switch (0 events):
No events

VM Operations (20 events):
Event: 8.920 Executing VM operation: HandshakeAllThreads (Deoptimize)
Event: 8.920 Executing VM operation: HandshakeAllThreads (Deoptimize) done
Event: 8.970 Executing VM operation: HandshakeAllThreads (Deoptimize)
Event: 8.970 Executing VM operation: HandshakeAllThreads (Deoptimize) done
Event: 9.038 Executing VM operation: HandshakeAllThreads (Deoptimize)
Event: 9.038 Executing VM operation: HandshakeAllThreads (Deoptimize) done
Event: 9.248 Executing VM operation: G1CollectForAllocation (G1 Evacuation Pause)
Event: 9.260 Executing VM operation: G1CollectForAllocation (G1 Evacuation Pause) done
Event: 10.269 Executing VM operation: Cleanup
Event: 10.269 Executing VM operation: Cleanup done
Event: 60.214 Executing VM operation: HandshakeAllThreads (HandshakeForDeflation)
Event: 60.215 Executing VM operation: HandshakeAllThreads (HandshakeForDeflation) done
Event: 60.215 Executing VM operation: RendezvousGCThreads
Event: 60.215 Executing VM operation: RendezvousGCThreads done
Event: 78.376 Executing VM operation: Cleanup
Event: 78.379 Executing VM operation: Cleanup done
Event: 82.406 Executing VM operation: Cleanup
Event: 82.407 Executing VM operation: Cleanup done
Event: 88.444 Executing VM operation: Cleanup
Event: 88.445 Executing VM operation: Cleanup done

Events (20 events):
Event: 8.217 Thread 0x000001d358dc9670 flushing nmethod 0x000001d361463090
Event: 8.217 Thread 0x000001d358dc9670 flushing nmethod 0x000001d361497710
Event: 8.217 Thread 0x000001d358dc9670 flushing nmethod 0x000001d3614ab110
Event: 8.217 Thread 0x000001d358dc9670 flushing nmethod 0x000001d3615a0110
Event: 8.217 Thread 0x000001d358dc9670 flushing nmethod 0x000001d3615c5310
Event: 8.217 Thread 0x000001d358dc9670 flushing nmethod 0x000001d36160d190
Event: 9.261 Thread 0x000001d379dbff00 Thread added: 0x000001d379dbff00
Event: 9.261 Thread 0x000001d379dc0590 Thread added: 0x000001d379dc0590
Event: 9.261 Thread 0x000001d379dc0c20 Thread added: 0x000001d379dc0c20
Event: 9.261 Thread 0x000001d379dc12b0 Thread added: 0x000001d379dc12b0
Event: 9.261 Thread 0x000001d379dc2cf0 Thread added: 0x000001d379dc2cf0
Event: 9.261 Thread 0x000001d379dc1940 Thread added: 0x000001d379dc1940
Event: 9.261 Thread 0x000001d379dc1fd0 Thread added: 0x000001d379dc1fd0
Event: 9.261 Thread 0x000001d379dc2660 Thread added: 0x000001d379dc2660
Event: 9.261 Thread 0x000001d379dc3380 Thread added: 0x000001d379dc3380
Event: 9.262 Thread 0x000001d378aacfd0 Thread added: 0x000001d378aacfd0
Event: 9.299 Thread 0x000001d378aaaf00 Thread added: 0x000001d378aaaf00
Event: 9.302 Thread 0x000001d378aa94c0 Thread added: 0x000001d378aa94c0
Event: 9.347 Thread 0x000001d358d12500 Thread exited: 0x000001d358d12500
Event: 9.347 Thread 0x000001d378aab590 Thread added: 0x000001d378aab590


Dynamic libraries:
0x00007ff688df0000 - 0x00007ff688e00000 	C:\Program Files\Java\jdk-21\bin\javaw.exe
0x00007ffb531d0000 - 0x00007ffb533c8000 	C:\Windows\SYSTEM32\ntdll.dll
0x00007ffb51790000 - 0x00007ffb51852000 	C:\Windows\System32\KERNEL32.DLL
0x00007ffb50bc0000 - 0x00007ffb50eb6000 	C:\Windows\System32\KERNELBASE.dll
0x00007ffb510a0000 - 0x00007ffb511a0000 	C:\Windows\System32\ucrtbase.dll
0x00007ffb3cd70000 - 0x00007ffb3cd89000 	C:\Program Files\Java\jdk-21\bin\jli.dll
0x00007ffb3c820000 - 0x00007ffb3c83b000 	C:\Program Files\Java\jdk-21\bin\VCRUNTIME140.dll
0x00007ffb51250000 - 0x00007ffb51301000 	C:\Windows\System32\ADVAPI32.dll
0x00007ffb52080000 - 0x00007ffb5211e000 	C:\Windows\System32\msvcrt.dll
0x00007ffb51f10000 - 0x00007ffb51faf000 	C:\Windows\System32\sechost.dll
0x00007ffb51de0000 - 0x00007ffb51f00000 	C:\Windows\System32\RPCRT4.dll
0x00007ffb50a30000 - 0x00007ffb50a57000 	C:\Windows\System32\bcrypt.dll
0x00007ffb52840000 - 0x00007ffb529e1000 	C:\Windows\System32\USER32.dll
0x00007ffb50a00000 - 0x00007ffb50a22000 	C:\Windows\System32\win32u.dll
0x00007ffb3d6d0000 - 0x00007ffb3d96b000 	C:\Windows\WinSxS\amd64_microsoft.windows.common-controls_6595b64144ccf1df_6.0.19041.6456_none_60b8a6cb71f64256\COMCTL32.dll
0x00007ffb51b30000 - 0x00007ffb51b5b000 	C:\Windows\System32\GDI32.dll
0x00007ffb508e0000 - 0x00007ffb509f9000 	C:\Windows\System32\gdi32full.dll
0x00007ffb50ec0000 - 0x00007ffb50f5d000 	C:\Windows\System32\msvcp_win.dll
0x00007ffb48530000 - 0x00007ffb4853a000 	C:\Windows\SYSTEM32\VERSION.dll
0x00007ffb529f0000 - 0x00007ffb52a1f000 	C:\Windows\System32\IMM32.DLL
0x00007ffb4c730000 - 0x00007ffb4c73c000 	C:\Program Files\Java\jdk-21\bin\vcruntime140_1.dll
0x00007ffb2ea80000 - 0x00007ffb2eb0e000 	C:\Program Files\Java\jdk-21\bin\msvcp140.dll
0x00007ffb08ab0000 - 0x00007ffb097c8000 	C:\Program Files\Java\jdk-21\bin\server\jvm.dll
0x00007ffb527d0000 - 0x00007ffb5283b000 	C:\Windows\System32\WS2_32.dll
0x00007ffb4ee10000 - 0x00007ffb4ee37000 	C:\Windows\SYSTEM32\WINMM.dll
0x00007ffb506c0000 - 0x00007ffb5070b000 	C:\Windows\SYSTEM32\POWRPROF.dll
0x00007ffb506a0000 - 0x00007ffb506b2000 	C:\Windows\SYSTEM32\UMPDC.dll
0x00007ffb4f070000 - 0x00007ffb4f082000 	C:\Windows\SYSTEM32\kernel.appcore.dll
0x00007ffb4b3a0000 - 0x00007ffb4b3aa000 	C:\Program Files\Java\jdk-21\bin\jimage.dll
0x00007ffb4ec00000 - 0x00007ffb4ee01000 	C:\Windows\SYSTEM32\DBGHELP.DLL
0x00007ffb4ebc0000 - 0x00007ffb4ebf4000 	C:\Windows\SYSTEM32\dbgcore.DLL
0x00007ffb51010000 - 0x00007ffb51092000 	C:\Windows\System32\bcryptPrimitives.dll
0x00007ffb36f50000 - 0x00007ffb36f8c000 	C:\Program Files\Java\jdk-21\bin\jdwp.dll
0x00007ffb49690000 - 0x00007ffb4969f000 	C:\Program Files\Java\jdk-21\bin\instrument.dll
0x00007ffb3c7b0000 - 0x00007ffb3c7cf000 	C:\Program Files\Java\jdk-21\bin\java.dll
0x00007ffb52a20000 - 0x00007ffb53190000 	C:\Windows\System32\SHELL32.dll
0x00007ffb4e400000 - 0x00007ffb4eba5000 	C:\Windows\SYSTEM32\windows.storage.dll
0x00007ffb51310000 - 0x00007ffb51664000 	C:\Windows\System32\combase.dll
0x00007ffb501b0000 - 0x00007ffb501db000 	C:\Windows\SYSTEM32\Wldp.dll
0x00007ffb51fb0000 - 0x00007ffb5207d000 	C:\Windows\System32\OLEAUT32.dll
0x00007ffb51670000 - 0x00007ffb5171d000 	C:\Windows\System32\SHCORE.dll
0x00007ffb51b60000 - 0x00007ffb51bbb000 	C:\Windows\System32\shlwapi.dll
0x00007ffb50790000 - 0x00007ffb507b4000 	C:\Windows\SYSTEM32\profapi.dll
0x00007ffb241b0000 - 0x00007ffb24287000 	C:\Program Files\Java\jdk-21\bin\jsvml.dll
0x00007ffb3ebc0000 - 0x00007ffb3ebcc000 	C:\Program Files\Java\jdk-21\bin\dt_socket.dll
0x00007ffb4fbf0000 - 0x00007ffb4fc2b000 	C:\Windows\SYSTEM32\IPHLPAPI.DLL
0x00007ffb4ff10000 - 0x00007ffb4ff7a000 	C:\Windows\system32\mswsock.dll
0x00007ffb4fc30000 - 0x00007ffb4fcfa000 	C:\Windows\SYSTEM32\DNSAPI.dll
0x00007ffb51b20000 - 0x00007ffb51b28000 	C:\Windows\System32\NSI.dll
0x00007ffb401e0000 - 0x00007ffb401ea000 	C:\Windows\System32\rasadhlp.dll
0x00007ffb40450000 - 0x00007ffb404d0000 	C:\Windows\System32\fwpuclnt.dll
0x00007ffb3c760000 - 0x00007ffb3c778000 	C:\Program Files\Java\jdk-21\bin\zip.dll
0x00007ffb3eae0000 - 0x00007ffb3eaf0000 	C:\Program Files\Java\jdk-21\bin\net.dll
0x00007ffb473a0000 - 0x00007ffb474aa000 	C:\Windows\SYSTEM32\WINHTTP.dll
0x00007ffb36f30000 - 0x00007ffb36f46000 	C:\Program Files\Java\jdk-21\bin\nio.dll
0x00007ffb3ce60000 - 0x00007ffb3ce70000 	C:\Program Files\Java\jdk-21\bin\verify.dll
0x00007ffb3c930000 - 0x00007ffb3c93e000 	C:\Program Files\Java\jdk-21\bin\sunmscapi.dll
0x00007ffb50a60000 - 0x00007ffb50bbd000 	C:\Windows\System32\CRYPT32.dll
0x00007ffb50220000 - 0x00007ffb50247000 	C:\Windows\SYSTEM32\ncrypt.dll
0x00007ffb501e0000 - 0x00007ffb5021b000 	C:\Windows\SYSTEM32\NTASN1.dll
0x00007ffb50100000 - 0x00007ffb50118000 	C:\Windows\SYSTEM32\CRYPTSP.dll
0x00007ffb4f830000 - 0x00007ffb4f868000 	C:\Windows\system32\rsaenh.dll
0x00007ffb50710000 - 0x00007ffb5073e000 	C:\Windows\SYSTEM32\USERENV.dll
0x00007ffb50120000 - 0x00007ffb5012c000 	C:\Windows\SYSTEM32\CRYPTBASE.dll
0x00007ffb3c9b0000 - 0x00007ffb3c9ba000 	C:\Program Files\Java\jdk-21\bin\management.dll
0x00007ffb3c810000 - 0x00007ffb3c81b000 	C:\Program Files\Java\jdk-21\bin\management_ext.dll
0x00007ffb51780000 - 0x00007ffb51788000 	C:\Windows\System32\PSAPI.DLL
0x00007ffb3a780000 - 0x00007ffb3a789000 	C:\Program Files\Java\jdk-21\bin\extnet.dll
0x00007ffb3a310000 - 0x00007ffb3a317000 	C:\Windows\system32\wshunix.dll

dbghelp: loaded successfully - version: 4.0.5 - missing functions: none
symbol engine: initialized successfully - sym options: 0x614 - pdb path: .;C:\Program Files\Java\jdk-21\bin;C:\Windows\SYSTEM32;C:\Windows\WinSxS\amd64_microsoft.windows.common-controls_6595b64144ccf1df_6.0.19041.6456_none_60b8a6cb71f64256;C:\Program Files\Java\jdk-21\bin\server

VM Arguments:
jvm_args: -XX:+ShowCodeDetailsInExceptionMessages -agentlib:jdwp=transport=dt_socket,suspend=y,address=localhost:51222 -javaagent:C:\Users\Dell\eclipse\java-2024-09\eclipse\configuration\org.eclipse.osgi\251\0\.cp\lib\javaagent-shaded.jar -Dfile.encoding=UTF-8 -Dstdout.encoding=UTF-8 -Dstderr.encoding=UTF-8 
java_command: com.sthapatya.inc.IncApplication
java_class_path (initial): C:\Users\Dell\Desktop\websites\construction-demo\backend\inc\target\classes;C:\Users\Dell\.m2\repository\org\springframework\boot\spring-boot-starter-data-mongodb\4.0.5\spring-boot-starter-data-mongodb-4.0.5.jar;C:\Users\Dell\.m2\repository\org\springframework\boot\spring-boot-starter-mongodb\4.0.5\spring-boot-starter-mongodb-4.0.5.jar;C:\Users\Dell\.m2\repository\org\springframework\boot\spring-boot-mongodb\4.0.5\spring-boot-mongodb-4.0.5.jar;C:\Users\Dell\.m2\repository\org\mongodb\mongodb-driver-sync\5.6.4\mongodb-driver-sync-5.6.4.jar;C:\Users\Dell\.m2\repository\org\mongodb\bson\5.6.4\bson-5.6.4.jar;C:\Users\Dell\.m2\repository\org\mongodb\mongodb-driver-core\5.6.4\mongodb-driver-core-5.6.4.jar;C:\Users\Dell\.m2\repository\org\mongodb\bson-record-codec\5.6.4\bson-record-codec-5.6.4.jar;C:\Users\Dell\.m2\repository\org\springframework\boot\spring-boot-data-mongodb\4.0.5\spring-boot-data-mongodb-4.0.5.jar;C:\Users\Dell\.m2\repository\org\springframework\boot\spring-boot-data-commons\4.0.5\spring-boot-data-commons-4.0.5.jar;C:\Users\Dell\.m2\repository\org\springframework\boot\spring-boot-persistence\4.0.5\spring-boot-persistence-4.0.5.jar;C:\Users\Dell\.m2\repository\org\springframework\data\spring-data-commons\4.0.4\spring-data-commons-4.0.4.jar;C:\Users\Dell\.m2\repository\org\springframework\boot\spring-boot-transaction\4.0.5\spring-boot-transaction-4.0.5.jar;C:\Users\Dell\.m2\repository\org\springframework\spring-tx\7.0.6\spring-tx-7.0.6.jar;C:\Users\Dell\.m2\repository\org\springframework\data\spring-data-mongodb\5.0.4\spring-data-mongodb-5.0.4.jar;C:\Users\Dell\.m2\repository\org\springframework\spring-context\7.0.6\spring-context-7.0.6.jar;C:\Users\Dell\.m2\repository\org\springframework\spring-beans\7.0.6\spring-beans-7.0.6.jar;C:\Users\Dell\.m2\repository\org\springframework\spring-expression\7.0.6\spring-expression-7.0.6.jar;C:\Users\Dell\.m2\repository\org\slf4j\slf4j-api\2.0.17\slf4j-api-2.0.17.jar;C:\Users\Dell\.m2\repository\org\springframework\boot\spring-boot-starter-webmvc\4.0.5\spring-boot-starter-webmvc-4.0.5.jar;C:\Users\Dell\.m2\repository\org\springframework\boot\spring-boot-starter\4.0.5\spring-boot-starter-4.0.5.jar;C:\Users\Dell\.m2\repository\org\springframework\boot\spring-boot-starter-logging\4.0.5\spring-boot-starter-logging-4.0.5.jar;C:\Users\Dell\.m2\repository\ch\qos\logback\logback-classic\1.5.32\logback-classic-1.5.32.jar;C:\Users\Dell\.m2\repository\ch\qos\logback\logback-core\1.5.32\logback-core-1.5.32.jar;C:\Users\Dell\.m2\repository\org\apache\logging\log4j\log4j-to-slf4j\2.25.3\log4j-to-slf4j-2.25.3.jar;C:\Users\Dell\.m2\repository\org\apache\logging\log4j\log4j-api\2.25.3\log4j-api-2.25.3.jar;C:\Users\Dell\.m2\repository\org\slf4j\jul-to-slf4j\2.0.17\jul-to-slf4j-2.0.17.jar;C:\Users\Dell\.m2\repository\org\springframework\boot\spring-boot-autoconfigure\4.0.5\spring-boot-autoconfigure-4.0.5.jar;C:\Users\Dell\.m2\repository\jakarta\annotation\jakarta.annotation-api\3.0.0\jakarta.annotation-api-3.0.0.jar;C:\Users\Dell\.m2\repository\org\yaml\snakeyaml\2.5\snakeyaml-2.5.jar;C:\Users\Dell\.m2\repository\org\springframework\boot\spring-boot-starter-jackson\4.0.5\spring-boot-starter-jackson-4.0.5.jar;C:\Users\Dell\.m2\repository\org\springframework\boot\spring-boot-jackson\4.0.5\spring-boot-jackson-4.0.5.jar;C:\Users\Dell\.m2\repository\tools\jackson\core\jackson-databind\3.1.0\jackson-databind-3.1.0.jar;C:\Users\Dell\.m2\repository\com\fasterxml\jackson\core\jackson-annotations\2.21\jackson-annotations-2.21.jar;C:\Users\Dell\.m2\repository\tools\jackson\core\jackson-core\3.1.0\jackson-core-3.1.0.jar;C:\Users\Dell\.m2\repository\org\springframework\boot\spring-boot-starter-tomcat\4.0.5\spring-boot-starter-tomcat-4.0.5.jar;C:\Users\Dell\.m2\repository\org\springframework\boot\spring-boot-starter-tomcat-runtime\4.0.5\spring-boot-starter-tomcat-runtime-4.0.5.jar;C:\Users\Dell\.m2\repository\org\apache\tomcat\embed\tomcat-embed-core\11.0.20\tomcat-embed-core-11.0.20.jar;C:\Users\Dell\.m2\repository\org\apache\tomcat\embed\tomcat-embed-el\11.0.20\tomcat-embed-el-11.0.20.jar;C:\Users\Dell\.m2\repository\org\apache\tomcat\embed\tomcat-embed-websocket\11.0.20\tomcat-embed-websocket-11.0.20.jar;C:\Users\Dell\.m2\repository\org\springframework\boot\spring-boot-tomcat\4.0.5\spring-boot-tomcat-4.0.5.jar;C:\Users\Dell\.m2\repository\org\springframework\boot\spring-boot-http-converter\4.0.5\spring-boot-http-converter-4.0.5.jar;C:\Users\Dell\.m2\repository\org\springframework\boot\spring-boot\4.0.5\spring-boot-4.0.5.jar;C:\Users\Dell\.m2\repository\org\springframework\spring-web\7.0.6\spring-web-7.0.6.jar;C:\Users\Dell\.m2\repository\io\micrometer\micrometer-observation\1.16.4\micrometer-observation-1.16.4.jar;C:\Users\Dell\.m2\repository\io\micrometer\micrometer-commons\1.16.4\micrometer-commons-1.16.4.jar;C:\Users\Dell\.m2\repository\org\springframework\boot\spring-boot-webmvc\4.0.5\spring-boot-webmvc-4.0.5.jar;C:\Users\Dell\.m2\repository\org\springframework\boot\spring-boot-servlet\4.0.5\spring-boot-servlet-4.0.5.jar;C:\Users\Dell\.m2\repository\org\springframework\spring-webmvc\7.0.6\spring-webmvc-7.0.6.jar;C:\Users\Dell\.m2\repository\org\springframework\spring-aop\7.0.6\spring-aop-7.0.6.jar;C:\Users\Dell\.m2\repository\org\projectlombok\lombok\1.18.44\lombok-1.18.44.jar;C:\Users\Dell\.m2\repository\org\springframework\spring-core\7.0.6\spring-core-7.0.6.jar;C:\Users\Dell\.m2\repository\commons-logging\commons-logging\1.3.6\commons-logging-1.3.6.jar;C:\Users\Dell\.m2\repository\org\jspecify\jspecify\1.0.0\jspecify-1.0.0.jar;C:\Users\Dell\.m2\repository\org\springframework\boot\spring-boot-web-server\4.0.5\spring-boot-web-server-4.0.5.jar
Launcher Type: SUN_STANDARD

[Global flags]
     intx CICompilerCount                          = 3                                         {product} {ergonomic}
     uint ConcGCThreads                            = 1                                         {product} {ergonomic}
     uint G1ConcRefinementThreads                  = 4                                         {product} {ergonomic}
   size_t G1HeapRegionSize                         = 1048576                                   {product} {ergonomic}
    uintx GCDrainStackTargetSize                   = 64                                        {product} {ergonomic}
   size_t InitialHeapSize                          = 58720256                                  {product} {ergonomic}
   size_t MarkStackSize                            = 4194304                                   {product} {ergonomic}
   size_t MaxHeapSize                              = 910163968                                 {product} {ergonomic}
   size_t MaxNewSize                               = 545259520                                 {product} {ergonomic}
   size_t MinHeapDeltaBytes                        = 1048576                                   {product} {ergonomic}
   size_t MinHeapSize                              = 8388608                                   {product} {ergonomic}
    uintx NonNMethodCodeHeapSize                   = 5832780                                {pd product} {ergonomic}
    uintx NonProfiledCodeHeapSize                  = 122912730                              {pd product} {ergonomic}
    uintx ProfiledCodeHeapSize                     = 122912730                              {pd product} {ergonomic}
    uintx ReservedCodeCacheSize                    = 251658240                              {pd product} {ergonomic}
     bool SegmentedCodeCache                       = true                                      {product} {ergonomic}
     bool ShowCodeDetailsInExceptionMessages       = true                                   {manageable} {command line}
   size_t SoftMaxHeapSize                          = 910163968                              {manageable} {ergonomic}
     bool UseCompressedOops                        = true                           {product lp64_product} {ergonomic}
     bool UseG1GC                                  = true                                      {product} {ergonomic}
     bool UseLargePagesIndividualAllocation        = false                                  {pd product} {ergonomic}

Logging:
Log output configuration:
 #0: stdout all=warning uptime,level,tags foldmultilines=false
 #1: stderr all=off uptime,level,tags foldmultilines=false

Environment Variables:
PATH=C:/Users/Dell/.p2/pool/plugins/org.eclipse.justj.openjdk.hotspot.jre.full.win32.x86_64_23.0.1.v20241024-1700/jre/bin/server;C:/Users/Dell/.p2/pool/plugins/org.eclipse.justj.openjdk.hotspot.jre.full.win32.x86_64_23.0.1.v20241024-1700/jre/bin;C:\Program Files\Common Files\Oracle\Java\javapath;C:\Windows\system32;C:\Windows;C:\Windows\System32\Wbem;C:\Windows\System32\WindowsPowerShell\v1.0\;C:\Windows\System32\OpenSSH\;C:\ProgramData\chocolatey\bin;C:\Program Files\nodejs\;C:\Program Files\Java\jdk-21\bin;C:\Gradle\gradle-8.9\bin;C:\Program Files\MongoDB\Server\7.0\bin;C:\Program Files\Git\cmd;C:\Users\Dell\AppData\Local\Microsoft\WindowsApps;C:\Users\Dell\AppData\Local\Programs\Microsoft VS Code\bin;C:\Users\Dell\AppData\Roaming\npm;C:\Users\Dell\AppData\Local\Programs\mongosh\;C:\Program Files\mongosh\;C:\Program Files\JetBrains\IntelliJ IDEA Community Edition 2025.1\bin;;C:\Users\Dell\Desktop;
USERNAME=Dell
OS=Windows_NT
PROCESSOR_IDENTIFIER=AMD64 Family 23 Model 24 Stepping 1, AuthenticAMD
TMP=C:\Users\Dell\AppData\Local\Temp
TEMP=C:\Users\Dell\AppData\Local\Temp




Periodic native trim disabled

---------------  S Y S T E M  ---------------

OS:
 Windows 10 , 64 bit Build 19041 (10.0.19041.5915)
OS uptime: 25 days 0:45 hours

CPU: total 4 (initial active 4) (4 cores per cpu, 2 threads per core) family 23 model 24 stepping 1 microcode 0x0, cx8, cmov, fxsr, ht, mmx, 3dnowpref, sse, sse2, sse3, ssse3, sse4a, sse4.1, sse4.2, popcnt, lzcnt, tsc, tscinvbit, avx, avx2, aes, clmul, bmi1, bmi2, adx, sha, fma, vzeroupper, clflush, clflushopt, rdtscp, f16c
Processor Information for all 4 processors :
  Max Mhz: 2600, Current Mhz: 2600, Mhz Limit: 2600

Memory: 4k page, system-wide physical 3470M (22M free)
TotalPageFile size 14222M (AvailPageFile size 4M)
current process WorkingSet (physical memory assigned to process): 78M, peak: 198M
current process commit charge ("private bytes"): 218M, peak: 227M

vm_info: Java HotSpot(TM) 64-Bit Server VM (21.0.5+9-LTS-239) for windows-amd64 JRE (21.0.5+9-LTS-239), built on 2024-09-30T05:17:38Z by "mach5one" with MS VC++ 17.6 (VS2022)

END.
