#
# There is insufficient memory for the Java Runtime Environment to continue.
# Native memory allocation (malloc) failed to allocate 750896 bytes for Chunk::new
# Possible reasons:
#   The system is out of physical RAM or swap space
#   The process is running with CompressedOops enabled, and the Java Heap may be blocking the growth of the native heap
# Possible solutions:
#   Reduce memory load on the system
#   Increase physical memory or swap space
#   Check if swap backing store is full
#   Decrease Java heap size (-Xmx/-Xms)
#   Decrease number of Java threads
#   Decrease Java thread stack sizes (-Xss)
#   Set larger code cache with -XX:ReservedCodeCacheSize=
#   JVM is running with Unscaled Compressed Oops mode in which the Java heap is
#     placed in the first 4GB address space. The Java Heap base address is the
#     maximum limit for the native heap growth. Please use -XX:HeapBaseMinAddress
#     to set the Java Heap base and to place the Java Heap above 4GB virtual address.
# This output file may be truncated or incomplete.
#
#  Out of Memory Error (arena.cpp:168), pid=10840, tid=11956
#
# JRE version: Java(TM) SE Runtime Environment (21.0.5+9) (build 21.0.5+9-LTS-239)
# Java VM: Java HotSpot(TM) 64-Bit Server VM (21.0.5+9-LTS-239, mixed mode, sharing, tiered, compressed oops, compressed class ptrs, g1 gc, windows-amd64)
# No core dump will be written. Minidumps are not enabled by default on client versions of Windows
#

---------------  S U M M A R Y ------------

Command Line: -XX:+ShowCodeDetailsInExceptionMessages -agentlib:jdwp=transport=dt_socket,suspend=y,address=localhost:49319 -javaagent:C:\Users\Dell\eclipse\java-2024-09\eclipse\configuration\org.eclipse.osgi\251\0\.cp\lib\javaagent-shaded.jar -Dfile.encoding=UTF-8 -Dstdout.encoding=UTF-8 -Dstderr.encoding=UTF-8 com.sthapatya.inc.IncApplication

Host: AMD Ryzen 3 3250U with Radeon Graphics         , 4 cores, 3G,  Windows 10 , 64 bit Build 19041 (10.0.19041.5915)
Time: Mon Mar 30 11:10:01 2026 India Standard Time elapsed time: 16.193968 seconds (0d 0h 0m 16s)

---------------  T H R E A D  ---------------

Current thread (0x000001e7548a5590):  JavaThread "C2 CompilerThread0" daemon [_thread_in_native, id=11956, stack(0x000000bff8200000,0x000000bff8300000) (1024K)]


Current CompileTask:
C2:  16194 2541       4       org.eclipse.jdt.launching.internal.org.objectweb.asm.SymbolTable::<init> (536 bytes)

Stack: [0x000000bff8200000,0x000000bff8300000]
Native frames: (J=compiled Java code, j=interpreted, Vv=VM code, C=native code)
V  [jvm.dll+0x6ca289]
V  [jvm.dll+0x854a51]
V  [jvm.dll+0x856f7e]
V  [jvm.dll+0x857653]
V  [jvm.dll+0x27dd26]
V  [jvm.dll+0xc4c2d]
V  [jvm.dll+0xc5163]
V  [jvm.dll+0x2f0ccd]
V  [jvm.dll+0x5f4ffa]
V  [jvm.dll+0x24f882]
V  [jvm.dll+0x247fae]
V  [jvm.dll+0x245de4]
V  [jvm.dll+0x1c6d0e]
V  [jvm.dll+0x2554d9]
V  [jvm.dll+0x253a6a]
V  [jvm.dll+0x3ee136]
V  [jvm.dll+0x7fee9b]
V  [jvm.dll+0x6c896d]
C  [ucrtbase.dll+0x21bb2]
C  [KERNEL32.DLL+0x17374]
C  [ntdll.dll+0x4cc91]


---------------  P R O C E S S  ---------------

Threads class SMR info:
_java_thread_list=0x000001e79abd6160, length=15, elements={
0x000001e739f22f90, 0x000001e739fed410, 0x000001e75488dfd0, 0x000001e754890e60,
0x000001e7548918b0, 0x000001e7548924b0, 0x000001e754899aa0, 0x000001e7548a5590,
0x000001e7548afc50, 0x000001e75496e780, 0x000001e754bf8520, 0x000001e754bfe1c0,
0x000001e754bfec50, 0x000001e79a4c7a60, 0x000001e79b26b210
}

Java Threads: ( => current thread )
  0x000001e739f22f90 JavaThread "main"                              [_thread_in_native, id=12240, stack(0x000000bff7400000,0x000000bff7500000) (1024K)]
  0x000001e739fed410 JavaThread "Reference Handler"          daemon [_thread_blocked, id=9352, stack(0x000000bff7c00000,0x000000bff7d00000) (1024K)]
  0x000001e75488dfd0 JavaThread "Finalizer"                  daemon [_thread_blocked, id=14028, stack(0x000000bff7d00000,0x000000bff7e00000) (1024K)]
  0x000001e754890e60 JavaThread "Signal Dispatcher"          daemon [_thread_blocked, id=272, stack(0x000000bff7e00000,0x000000bff7f00000) (1024K)]
  0x000001e7548918b0 JavaThread "Attach Listener"            daemon [_thread_blocked, id=11928, stack(0x000000bff7f00000,0x000000bff8000000) (1024K)]
  0x000001e7548924b0 JavaThread "Service Thread"             daemon [_thread_blocked, id=14352, stack(0x000000bff8000000,0x000000bff8100000) (1024K)]
  0x000001e754899aa0 JavaThread "Monitor Deflation Thread"   daemon [_thread_blocked, id=13672, stack(0x000000bff8100000,0x000000bff8200000) (1024K)]
=>0x000001e7548a5590 JavaThread "C2 CompilerThread0"         daemon [_thread_in_native, id=11956, stack(0x000000bff8200000,0x000000bff8300000) (1024K)]
  0x000001e7548afc50 JavaThread "C1 CompilerThread0"         daemon [_thread_blocked, id=16580, stack(0x000000bff8300000,0x000000bff8400000) (1024K)]
  0x000001e75496e780 JavaThread "Common-Cleaner"             daemon [_thread_blocked, id=15836, stack(0x000000bff8400000,0x000000bff8500000) (1024K)]
  0x000001e754bf8520 JavaThread "JDWP Transport Listener: dt_socket" daemon [_thread_blocked, id=6368, stack(0x000000bff8500000,0x000000bff8600000) (1024K)]
  0x000001e754bfe1c0 JavaThread "JDWP Event Helper Thread"   daemon [_thread_blocked, id=14572, stack(0x000000bff8600000,0x000000bff8700000) (1024K)]
  0x000001e754bfec50 JavaThread "JDWP Command Reader"        daemon [_thread_in_native, id=15660, stack(0x000000bff8700000,0x000000bff8800000) (1024K)]
  0x000001e79a4c7a60 JavaThread "Notification Thread"        daemon [_thread_blocked, id=8820, stack(0x000000bff8800000,0x000000bff8900000) (1024K)]
  0x000001e79b26b210 JavaThread "background-preinit"                [_thread_in_vm, id=124, stack(0x000000bff8c00000,0x000000bff8d00000) (1024K)]
Total: 15

Other Threads:
  0x000001e739fd5ab0 VMThread "VM Thread"                           [id=15268, stack(0x000000bff7b00000,0x000000bff7c00000) (1024K)]
  0x000001e739fbfa30 WatcherThread "VM Periodic Task Thread"        [id=8712, stack(0x000000bff7a00000,0x000000bff7b00000) (1024K)]
  0x000001e739f58e50 WorkerThread "GC Thread#0"                     [id=15068, stack(0x000000bff7500000,0x000000bff7600000) (1024K)]
  0x000001e79a48c280 WorkerThread "GC Thread#1"                     [id=14816, stack(0x000000bff8900000,0x000000bff8a00000) (1024K)]
  0x000001e79a4798b0 WorkerThread "GC Thread#2"                     [id=9700, stack(0x000000bff8a00000,0x000000bff8b00000) (1024K)]
  0x000001e79a479c50 WorkerThread "GC Thread#3"                     [id=8344, stack(0x000000bff8b00000,0x000000bff8c00000) (1024K)]
  0x000001e739f609c0 ConcurrentGCThread "G1 Main Marker"            [id=17044, stack(0x000000bff7600000,0x000000bff7700000) (1024K)]
  0x000001e739f613d0 WorkerThread "G1 Conc#0"                       [id=16784, stack(0x000000bff7700000,0x000000bff7800000) (1024K)]
  0x000001e739fb09c0 ConcurrentGCThread "G1 Refine#0"               [id=2772, stack(0x000000bff7800000,0x000000bff7900000) (1024K)]
  0x000001e739fb1440 ConcurrentGCThread "G1 Service"                [id=7012, stack(0x000000bff7900000,0x000000bff7a00000) (1024K)]
Total: 10

Threads with active compile tasks:
C2 CompilerThread0    16293 2541       4       org.eclipse.jdt.launching.internal.org.objectweb.asm.SymbolTable::<init> (536 bytes)
Total: 1

VM state: not at safepoint (normal execution)

VM Mutex/Monitor currently owned by a thread: None

Heap address: 0x00000000c9c00000, size: 868 MB, Compressed Oops mode: 32-bit

CDS archive(s) mapped at: [0x000001e755000000-0x000001e755c90000-0x000001e755c90000), size 13172736, SharedBaseAddress: 0x000001e755000000, ArchiveRelocationMode: 1.
Compressed class space mapped at: 0x000001e756000000-0x000001e796000000, reserved size: 1073741824
Narrow klass base: 0x000001e755000000, Narrow klass shift: 0, Narrow klass range: 0x100000000

GC Precious Log:
 CardTable entry size: 512
 Card Set container configuration: InlinePtr #cards 5 size 8 Array Of Cards #cards 12 size 40 Howl #buckets 4 coarsen threshold 1843 Howl Bitmap #cards 512 size 80 coarsen threshold 460 Card regions per heap region 1 cards per card region 2048
 CPUs: 4 total, 4 available
 Memory: 3470M
 Large Page Support: Disabled
 NUMA Support: Disabled
 Compressed Oops: Enabled (32-bit)
 Heap Region Size: 1M
 Heap Min Capacity: 8M
 Heap Initial Capacity: 56M
 Heap Max Capacity: 868M
 Pre-touch: Disabled
 Parallel Workers: 4
 Concurrent Workers: 1
 Concurrent Refinement Workers: 4
 Periodic GC: Disabled

Heap:
 garbage-first heap   total 57344K, used 14577K [0x00000000c9c00000, 0x0000000100000000)
  region size 1024K, 10 young (10240K), 4 survivors (4096K)
 Metaspace       used 19834K, committed 20224K, reserved 1114112K
  class space    used 2343K, committed 2496K, reserved 1048576K

Heap Regions: E=young(eden), S=young(survivor), O=old, HS=humongous(starts), HC=humongous(continues), CS=collection set, F=free, TAMS=top-at-mark-start, PB=parsable bottom
|   0|0x00000000c9c00000, 0x00000000c9d00000, 0x00000000c9d00000|100%| O|  |TAMS 0x00000000c9c00000| PB 0x00000000c9c00000| Untracked 
|   1|0x00000000c9d00000, 0x00000000c9e00000, 0x00000000c9e00000|100%| O|  |TAMS 0x00000000c9d00000| PB 0x00000000c9d00000| Untracked 
|   2|0x00000000c9e00000, 0x00000000c9f00000, 0x00000000c9f00000|100%| O|  |TAMS 0x00000000c9e00000| PB 0x00000000c9e00000| Untracked 
|   3|0x00000000c9f00000, 0x00000000ca000000, 0x00000000ca000000|100%| O|  |TAMS 0x00000000c9f00000| PB 0x00000000c9f00000| Untracked 
|   4|0x00000000ca000000, 0x00000000ca100000, 0x00000000ca100000|100%| O|  |TAMS 0x00000000ca000000| PB 0x00000000ca000000| Untracked 
|   5|0x00000000ca100000, 0x00000000ca1f2760, 0x00000000ca200000| 94%| O|  |TAMS 0x00000000ca100000| PB 0x00000000ca100000| Untracked 
|   6|0x00000000ca200000, 0x00000000ca200000, 0x00000000ca300000|  0%| F|  |TAMS 0x00000000ca200000| PB 0x00000000ca200000| Untracked 
|   7|0x00000000ca300000, 0x00000000ca300000, 0x00000000ca400000|  0%| F|  |TAMS 0x00000000ca300000| PB 0x00000000ca300000| Untracked 
|   8|0x00000000ca400000, 0x00000000ca400000, 0x00000000ca500000|  0%| F|  |TAMS 0x00000000ca400000| PB 0x00000000ca400000| Untracked 
|   9|0x00000000ca500000, 0x00000000ca500000, 0x00000000ca600000|  0%| F|  |TAMS 0x00000000ca500000| PB 0x00000000ca500000| Untracked 
|  10|0x00000000ca600000, 0x00000000ca600000, 0x00000000ca700000|  0%| F|  |TAMS 0x00000000ca600000| PB 0x00000000ca600000| Untracked 
|  11|0x00000000ca700000, 0x00000000ca700000, 0x00000000ca800000|  0%| F|  |TAMS 0x00000000ca700000| PB 0x00000000ca700000| Untracked 
|  12|0x00000000ca800000, 0x00000000ca800000, 0x00000000ca900000|  0%| F|  |TAMS 0x00000000ca800000| PB 0x00000000ca800000| Untracked 
|  13|0x00000000ca900000, 0x00000000ca900000, 0x00000000caa00000|  0%| F|  |TAMS 0x00000000ca900000| PB 0x00000000ca900000| Untracked 
|  14|0x00000000caa00000, 0x00000000caa00000, 0x00000000cab00000|  0%| F|  |TAMS 0x00000000caa00000| PB 0x00000000caa00000| Untracked 
|  15|0x00000000cab00000, 0x00000000cab00000, 0x00000000cac00000|  0%| F|  |TAMS 0x00000000cab00000| PB 0x00000000cab00000| Untracked 
|  16|0x00000000cac00000, 0x00000000cac00000, 0x00000000cad00000|  0%| F|  |TAMS 0x00000000cac00000| PB 0x00000000cac00000| Untracked 
|  17|0x00000000cad00000, 0x00000000cad00000, 0x00000000cae00000|  0%| F|  |TAMS 0x00000000cad00000| PB 0x00000000cad00000| Untracked 
|  18|0x00000000cae00000, 0x00000000cae00000, 0x00000000caf00000|  0%| F|  |TAMS 0x00000000cae00000| PB 0x00000000cae00000| Untracked 
|  19|0x00000000caf00000, 0x00000000caf4a030, 0x00000000cb000000| 28%| S|CS|TAMS 0x00000000caf00000| PB 0x00000000caf00000| Complete 
|  20|0x00000000cb000000, 0x00000000cb100000, 0x00000000cb100000|100%| S|CS|TAMS 0x00000000cb000000| PB 0x00000000cb000000| Complete 
|  21|0x00000000cb100000, 0x00000000cb100000, 0x00000000cb200000|  0%| F|  |TAMS 0x00000000cb100000| PB 0x00000000cb100000| Untracked 
|  22|0x00000000cb200000, 0x00000000cb200000, 0x00000000cb300000|  0%| F|  |TAMS 0x00000000cb200000| PB 0x00000000cb200000| Untracked 
|  23|0x00000000cb300000, 0x00000000cb400000, 0x00000000cb400000|100%| S|CS|TAMS 0x00000000cb300000| PB 0x00000000cb300000| Complete 
|  24|0x00000000cb400000, 0x00000000cb500000, 0x00000000cb500000|100%| S|CS|TAMS 0x00000000cb400000| PB 0x00000000cb400000| Complete 
|  25|0x00000000cb500000, 0x00000000cb500000, 0x00000000cb600000|  0%| F|  |TAMS 0x00000000cb500000| PB 0x00000000cb500000| Untracked 
|  26|0x00000000cb600000, 0x00000000cb600000, 0x00000000cb700000|  0%| F|  |TAMS 0x00000000cb600000| PB 0x00000000cb600000| Untracked 
|  27|0x00000000cb700000, 0x00000000cb700000, 0x00000000cb800000|  0%| F|  |TAMS 0x00000000cb700000| PB 0x00000000cb700000| Untracked 
|  28|0x00000000cb800000, 0x00000000cb800000, 0x00000000cb900000|  0%| F|  |TAMS 0x00000000cb800000| PB 0x00000000cb800000| Untracked 
|  29|0x00000000cb900000, 0x00000000cb900000, 0x00000000cba00000|  0%| F|  |TAMS 0x00000000cb900000| PB 0x00000000cb900000| Untracked 
|  30|0x00000000cba00000, 0x00000000cba00000, 0x00000000cbb00000|  0%| F|  |TAMS 0x00000000cba00000| PB 0x00000000cba00000| Untracked 
|  31|0x00000000cbb00000, 0x00000000cbb00000, 0x00000000cbc00000|  0%| F|  |TAMS 0x00000000cbb00000| PB 0x00000000cbb00000| Untracked 
|  32|0x00000000cbc00000, 0x00000000cbc00000, 0x00000000cbd00000|  0%| F|  |TAMS 0x00000000cbc00000| PB 0x00000000cbc00000| Untracked 
|  33|0x00000000cbd00000, 0x00000000cbd00000, 0x00000000cbe00000|  0%| F|  |TAMS 0x00000000cbd00000| PB 0x00000000cbd00000| Untracked 
|  34|0x00000000cbe00000, 0x00000000cbe00000, 0x00000000cbf00000|  0%| F|  |TAMS 0x00000000cbe00000| PB 0x00000000cbe00000| Untracked 
|  35|0x00000000cbf00000, 0x00000000cbf00000, 0x00000000cc000000|  0%| F|  |TAMS 0x00000000cbf00000| PB 0x00000000cbf00000| Untracked 
|  36|0x00000000cc000000, 0x00000000cc000000, 0x00000000cc100000|  0%| F|  |TAMS 0x00000000cc000000| PB 0x00000000cc000000| Untracked 
|  37|0x00000000cc100000, 0x00000000cc100000, 0x00000000cc200000|  0%| F|  |TAMS 0x00000000cc100000| PB 0x00000000cc100000| Untracked 
|  38|0x00000000cc200000, 0x00000000cc200000, 0x00000000cc300000|  0%| F|  |TAMS 0x00000000cc200000| PB 0x00000000cc200000| Untracked 
|  39|0x00000000cc300000, 0x00000000cc300000, 0x00000000cc400000|  0%| F|  |TAMS 0x00000000cc300000| PB 0x00000000cc300000| Untracked 
|  40|0x00000000cc400000, 0x00000000cc400000, 0x00000000cc500000|  0%| F|  |TAMS 0x00000000cc400000| PB 0x00000000cc400000| Untracked 
|  41|0x00000000cc500000, 0x00000000cc500000, 0x00000000cc600000|  0%| F|  |TAMS 0x00000000cc500000| PB 0x00000000cc500000| Untracked 
|  42|0x00000000cc600000, 0x00000000cc600000, 0x00000000cc700000|  0%| F|  |TAMS 0x00000000cc600000| PB 0x00000000cc600000| Untracked 
|  43|0x00000000cc700000, 0x00000000cc700000, 0x00000000cc800000|  0%| F|  |TAMS 0x00000000cc700000| PB 0x00000000cc700000| Untracked 
|  44|0x00000000cc800000, 0x00000000cc800000, 0x00000000cc900000|  0%| F|  |TAMS 0x00000000cc800000| PB 0x00000000cc800000| Untracked 
|  45|0x00000000cc900000, 0x00000000cc900000, 0x00000000cca00000|  0%| F|  |TAMS 0x00000000cc900000| PB 0x00000000cc900000| Untracked 
|  46|0x00000000cca00000, 0x00000000cca00000, 0x00000000ccb00000|  0%| F|  |TAMS 0x00000000cca00000| PB 0x00000000cca00000| Untracked 
|  47|0x00000000ccb00000, 0x00000000ccb00000, 0x00000000ccc00000|  0%| F|  |TAMS 0x00000000ccb00000| PB 0x00000000ccb00000| Untracked 
|  48|0x00000000ccc00000, 0x00000000ccc00000, 0x00000000ccd00000|  0%| F|  |TAMS 0x00000000ccc00000| PB 0x00000000ccc00000| Untracked 
|  49|0x00000000ccd00000, 0x00000000ccd00000, 0x00000000cce00000|  0%| F|  |TAMS 0x00000000ccd00000| PB 0x00000000ccd00000| Untracked 
|  50|0x00000000cce00000, 0x00000000cce4a920, 0x00000000ccf00000| 29%| E|  |TAMS 0x00000000cce00000| PB 0x00000000cce00000| Complete 
|  51|0x00000000ccf00000, 0x00000000cd000000, 0x00000000cd000000|100%| E|CS|TAMS 0x00000000ccf00000| PB 0x00000000ccf00000| Complete 
|  52|0x00000000cd000000, 0x00000000cd100000, 0x00000000cd100000|100%| E|CS|TAMS 0x00000000cd000000| PB 0x00000000cd000000| Complete 
|  53|0x00000000cd100000, 0x00000000cd200000, 0x00000000cd200000|100%| E|CS|TAMS 0x00000000cd100000| PB 0x00000000cd100000| Complete 
|  54|0x00000000cd200000, 0x00000000cd300000, 0x00000000cd300000|100%| E|CS|TAMS 0x00000000cd200000| PB 0x00000000cd200000| Complete 
|  55|0x00000000cd300000, 0x00000000cd400000, 0x00000000cd400000|100%| E|CS|TAMS 0x00000000cd300000| PB 0x00000000cd300000| Complete 

Card table byte_map: [0x000001e7513b0000,0x000001e751570000] _byte_map_base: 0x000001e750d62000

Marking Bits: (CMBitMap*) 0x000001e739f59460
 Bits: [0x000001e751570000, 0x000001e752300000)

Polling page: 0x000001e738070000

Metaspace:

Usage:
  Non-class:     17.08 MB used.
      Class:      2.29 MB used.
       Both:     19.37 MB used.

Virtual space:
  Non-class space:       64.00 MB reserved,      17.31 MB ( 27%) committed,  1 nodes.
      Class space:        1.00 GB reserved,       2.44 MB ( <1%) committed,  1 nodes.
             Both:        1.06 GB reserved,      19.75 MB (  2%) committed. 

Chunk freelists:
   Non-Class:  14.16 MB
       Class:  13.58 MB
        Both:  27.73 MB

MaxMetaspaceSize: unlimited
CompressedClassSpaceSize: 1.00 GB
Initial GC threshold: 21.00 MB
Current GC threshold: 21.00 MB
CDS: on
 - commit_granule_bytes: 65536.
 - commit_granule_words: 8192.
 - virtual_space_node_default_size: 8388608.
 - enlarge_chunks_in_place: 1.
 - use_allocation_guard: 0.


Internal statistics:

num_allocs_failed_limit: 0.
num_arena_births: 456.
num_arena_deaths: 0.
num_vsnodes_births: 2.
num_vsnodes_deaths: 0.
num_space_committed: 316.
num_space_uncommitted: 0.
num_chunks_returned_to_freelist: 0.
num_chunks_taken_from_freelist: 1090.
num_chunk_merges: 0.
num_chunk_splits: 729.
num_chunks_enlarged: 517.
num_inconsistent_stats: 0.

CodeHeap 'non-profiled nmethods': size=120000Kb used=1373Kb max_used=1373Kb free=118626Kb
 bounds [0x000001e749e80000, 0x000001e74a0f0000, 0x000001e7513b0000]
CodeHeap 'profiled nmethods': size=120000Kb used=5237Kb max_used=5237Kb free=114762Kb
 bounds [0x000001e7423b0000, 0x000001e7428d0000, 0x000001e7498e0000]
CodeHeap 'non-nmethods': size=5760Kb used=1520Kb max_used=1592Kb free=4239Kb
 bounds [0x000001e7498e0000, 0x000001e749b50000, 0x000001e749e80000]
 total_blobs=3092 nmethods=2553 adapters=443
 compilation: enabled
              stopped_count=0, restarted_count=0
 full_count=0

Compilation events (20 events):
Event: 16.119 Thread 0x000001e7548afc50 nmethod 2544 0x000001e7428c3590 code [0x000001e7428c37e0, 0x000001e7428c3fa0]
Event: 16.121 Thread 0x000001e7548afc50 2545       1       sun.nio.fs.WindowsPath::getFileSystem (5 bytes)
Event: 16.122 Thread 0x000001e7548afc50 nmethod 2545 0x000001e749fd7490 code [0x000001e749fd7620, 0x000001e749fd76e8]
Event: 16.141 Thread 0x000001e7548afc50 2547       3       java.lang.Thread::getContextClassLoader (30 bytes)
Event: 16.141 Thread 0x000001e7548afc50 nmethod 2547 0x000001e7428c4310 code [0x000001e7428c44c0, 0x000001e7428c4720]
Event: 16.151 Thread 0x000001e7548afc50 2548       3       java.lang.NamedPackage::<init> (59 bytes)
Event: 16.152 Thread 0x000001e7548afc50 nmethod 2548 0x000001e7428c4810 code [0x000001e7428c4aa0, 0x000001e7428c54f8]
Event: 16.158 Thread 0x000001e7548afc50 2549       3       java.util.EnumSet::of (51 bytes)
Event: 16.158 Thread 0x000001e7548afc50 nmethod 2549 0x000001e7428c5910 code [0x000001e7428c5b20, 0x000001e7428c5f80]
Event: 16.158 Thread 0x000001e7548afc50 2550   !   3       org.springframework.util.ConcurrentReferenceHashMap$Segment::doTask (179 bytes)
Event: 16.161 Thread 0x000001e7548afc50 nmethod 2550 0x000001e7428c6290 code [0x000001e7428c6680, 0x000001e7428c8170]
Event: 16.166 Thread 0x000001e7548afc50 2551       3       java.lang.WeakPairMap$Pair::hashCode (10 bytes)
Event: 16.167 Thread 0x000001e7548afc50 nmethod 2551 0x000001e7428c8e10 code [0x000001e7428c8fc0, 0x000001e7428c9118]
Event: 16.173 Thread 0x000001e7548afc50 2552       3       java.lang.PublicMethods$MethodList::merge (192 bytes)
Event: 16.174 Thread 0x000001e7548afc50 nmethod 2552 0x000001e7428c9210 code [0x000001e7428c9480, 0x000001e7428c9f60]
Event: 16.175 Thread 0x000001e7548afc50 2553       3       java.lang.invoke.DirectMethodHandle$Holder::invokeSpecial (15 bytes)
Event: 16.175 Thread 0x000001e7548afc50 nmethod 2553 0x000001e7428ca390 code [0x000001e7428ca560, 0x000001e7428caad0]
Event: 16.175 Thread 0x000001e7548afc50 2554       3       org.springframework.util.ConcurrentReferenceHashMap$Segment::lambda$doTask$0 (43 bytes)
Event: 16.176 Thread 0x000001e7548afc50 nmethod 2554 0x000001e7428cac10 code [0x000001e7428cae00, 0x000001e7428cb360]
Event: 16.176 Thread 0x000001e7548afc50 2555       3       org.springframework.util.ConcurrentReferenceHashMap$Entry::<init> (15 bytes)

GC Heap History (12 events):
Event: 6.118 GC heap before
{Heap before GC invocations=0 (full 0):
 garbage-first heap   total 57344K, used 12288K [0x00000000c9c00000, 0x0000000100000000)
  region size 1024K, 13 young (13312K), 0 survivors (0K)
 Metaspace       used 3552K, committed 3712K, reserved 1114112K
  class space    used 302K, committed 384K, reserved 1048576K
}
Event: 6.138 GC heap after
{Heap after GC invocations=1 (full 0):
 garbage-first heap   total 57344K, used 4160K [0x00000000c9c00000, 0x0000000100000000)
  region size 1024K, 2 young (2048K), 2 survivors (2048K)
 Metaspace       used 3552K, committed 3712K, reserved 1114112K
  class space    used 302K, committed 384K, reserved 1048576K
}
Event: 7.134 GC heap before
{Heap before GC invocations=1 (full 0):
 garbage-first heap   total 57344K, used 18496K [0x00000000c9c00000, 0x0000000100000000)
  region size 1024K, 16 young (16384K), 2 survivors (2048K)
 Metaspace       used 5743K, committed 5888K, reserved 1114112K
  class space    used 562K, committed 640K, reserved 1048576K
}
Event: 7.141 GC heap after
{Heap after GC invocations=2 (full 0):
 garbage-first heap   total 57344K, used 5046K [0x00000000c9c00000, 0x0000000100000000)
  region size 1024K, 2 young (2048K), 2 survivors (2048K)
 Metaspace       used 5743K, committed 5888K, reserved 1114112K
  class space    used 562K, committed 640K, reserved 1048576K
}
Event: 8.575 GC heap before
{Heap before GC invocations=2 (full 0):
 garbage-first heap   total 57344K, used 36790K [0x00000000c9c00000, 0x0000000100000000)
  region size 1024K, 33 young (33792K), 2 survivors (2048K)
 Metaspace       used 9573K, committed 9856K, reserved 1114112K
  class space    used 1052K, committed 1152K, reserved 1048576K
}
Event: 8.583 GC heap after
{Heap after GC invocations=3 (full 0):
 garbage-first heap   total 57344K, used 6037K [0x00000000c9c00000, 0x0000000100000000)
  region size 1024K, 2 young (2048K), 2 survivors (2048K)
 Metaspace       used 9573K, committed 9856K, reserved 1114112K
  class space    used 1052K, committed 1152K, reserved 1048576K
}
Event: 10.245 GC heap before
{Heap before GC invocations=3 (full 0):
 garbage-first heap   total 57344K, used 36757K [0x00000000c9c00000, 0x0000000100000000)
  region size 1024K, 33 young (33792K), 2 survivors (2048K)
 Metaspace       used 13173K, committed 13568K, reserved 1114112K
  class space    used 1530K, committed 1728K, reserved 1048576K
}
Event: 10.252 GC heap after
{Heap after GC invocations=4 (full 0):
 garbage-first heap   total 57344K, used 7230K [0x00000000c9c00000, 0x0000000100000000)
  region size 1024K, 4 young (4096K), 4 survivors (4096K)
 Metaspace       used 13173K, committed 13568K, reserved 1114112K
  class space    used 1530K, committed 1728K, reserved 1048576K
}
Event: 14.123 GC heap before
{Heap before GC invocations=4 (full 0):
 garbage-first heap   total 57344K, used 36926K [0x00000000c9c00000, 0x0000000100000000)
  region size 1024K, 33 young (33792K), 4 survivors (4096K)
 Metaspace       used 16067K, committed 16448K, reserved 1114112K
  class space    used 1881K, committed 2048K, reserved 1048576K
}
Event: 14.132 GC heap after
{Heap after GC invocations=5 (full 0):
 garbage-first heap   total 57344K, used 8625K [0x00000000c9c00000, 0x0000000100000000)
  region size 1024K, 4 young (4096K), 4 survivors (4096K)
 Metaspace       used 16067K, committed 16448K, reserved 1114112K
  class space    used 1881K, committed 2048K, reserved 1048576K
}
Event: 15.583 GC heap before
{Heap before GC invocations=5 (full 0):
 garbage-first heap   total 57344K, used 37297K [0x00000000c9c00000, 0x0000000100000000)
  region size 1024K, 33 young (33792K), 4 survivors (4096K)
 Metaspace       used 19277K, committed 19648K, reserved 1114112K
  class space    used 2275K, committed 2432K, reserved 1048576K
}
Event: 15.593 GC heap after
{Heap after GC invocations=6 (full 0):
 garbage-first heap   total 57344K, used 9457K [0x00000000c9c00000, 0x0000000100000000)
  region size 1024K, 4 young (4096K), 4 survivors (4096K)
 Metaspace       used 19277K, committed 19648K, reserved 1114112K
  class space    used 2275K, committed 2432K, reserved 1048576K
}

Dll operation events (10 events):
Event: 0.135 Loaded shared library C:\Program Files\Java\jdk-21\bin\java.dll
Event: 1.035 Loaded shared library C:\Program Files\Java\jdk-21\bin\jsvml.dll
Event: 3.874 Loaded shared library C:\Program Files\Java\jdk-21\bin\zip.dll
Event: 3.907 Loaded shared library C:\Program Files\Java\jdk-21\bin\instrument.dll
Event: 3.955 Loaded shared library C:\Program Files\Java\jdk-21\bin\net.dll
Event: 3.968 Loaded shared library C:\Program Files\Java\jdk-21\bin\nio.dll
Event: 3.988 Loaded shared library C:\Program Files\Java\jdk-21\bin\zip.dll
Event: 5.238 Loaded shared library C:\Program Files\Java\jdk-21\bin\jimage.dll
Event: 5.430 Loaded shared library C:\Program Files\Java\jdk-21\bin\verify.dll
Event: 15.775 Loaded shared library C:\Program Files\Java\jdk-21\bin\sunmscapi.dll

Deoptimization events (20 events):
Event: 15.331 Thread 0x000001e79b26b210 DEOPT PACKING pc=0x000001e74251ed51 sp=0x000000bff8cfdc90
Event: 15.331 Thread 0x000001e79b26b210 DEOPT UNPACKING pc=0x000001e749934e42 sp=0x000000bff8cfd0e8 mode 1
Event: 15.335 Thread 0x000001e79b26b210 DEOPT PACKING pc=0x000001e74251e6e4 sp=0x000000bff8cfdd20
Event: 15.340 Thread 0x000001e79b26b210 DEOPT UNPACKING pc=0x000001e749934e42 sp=0x000000bff8cfd1d8 mode 1
Event: 15.430 Thread 0x000001e79b26b210 Uncommon trap: trap_request=0xffffff45 fr.pc=0x000001e749f6d8d8 relative=0x0000000000000518
Event: 15.430 Thread 0x000001e79b26b210 Uncommon trap: reason=unstable_if action=reinterpret pc=0x000001e749f6d8d8 method=java.lang.AbstractStringBuilder.isLatin1()Z @ 10 c2
Event: 15.430 Thread 0x000001e79b26b210 DEOPT PACKING pc=0x000001e749f6d8d8 sp=0x000000bff8cfd9a0
Event: 15.430 Thread 0x000001e79b26b210 DEOPT UNPACKING pc=0x000001e7499346a2 sp=0x000000bff8cfd920 mode 2
Event: 15.557 Thread 0x000001e79b26b210 DEOPT PACKING pc=0x000001e74251ed51 sp=0x000000bff8cfde30
Event: 15.557 Thread 0x000001e79b26b210 DEOPT UNPACKING pc=0x000001e749934e42 sp=0x000000bff8cfd288 mode 1
Event: 15.558 Thread 0x000001e79b26b210 DEOPT PACKING pc=0x000001e74251e6e4 sp=0x000000bff8cfdec0
Event: 15.558 Thread 0x000001e79b26b210 DEOPT UNPACKING pc=0x000001e749934e42 sp=0x000000bff8cfd378 mode 1
Event: 15.798 Thread 0x000001e739f22f90 Uncommon trap: trap_request=0xffffff45 fr.pc=0x000001e749f7ba64 relative=0x00000000000008c4
Event: 15.798 Thread 0x000001e739f22f90 Uncommon trap: reason=unstable_if action=reinterpret pc=0x000001e749f7ba64 method=jdk.internal.org.objectweb.asm.SymbolTable.put(Ljdk/internal/org/objectweb/asm/SymbolTable$Entry;)Ljdk/internal/org/objectweb/asm/SymbolTable$Entry; @ 13 c2
Event: 15.811 Thread 0x000001e739f22f90 DEOPT PACKING pc=0x000001e749f7ba64 sp=0x000000bff74fcfc0
Event: 15.811 Thread 0x000001e739f22f90 DEOPT UNPACKING pc=0x000001e7499346a2 sp=0x000000bff74fcee0 mode 2
Event: 15.829 Thread 0x000001e79b26b210 DEOPT PACKING pc=0x000001e7427d2b59 sp=0x000000bff8cfd010
Event: 15.829 Thread 0x000001e79b26b210 DEOPT UNPACKING pc=0x000001e749934e42 sp=0x000000bff8cfc540 mode 0
Event: 16.101 Thread 0x000001e79b26b210 DEOPT PACKING pc=0x000001e74284fae5 sp=0x000000bff8cfa860
Event: 16.101 Thread 0x000001e79b26b210 DEOPT UNPACKING pc=0x000001e749934e42 sp=0x000000bff8cf9e10 mode 0

Classes loaded (20 events):
Event: 15.628 Loading class javax/security/auth/login/FailedLoginException
Event: 15.628 Loading class javax/security/auth/login/FailedLoginException done
Event: 15.629 Loading class javax/security/auth/Subject
Event: 15.630 Loading class javax/security/auth/Subject done
Event: 15.630 Loading class javax/security/auth/callback/CallbackHandler
Event: 15.630 Loading class javax/security/auth/callback/CallbackHandler done
Event: 15.850 Loading class sun/security/ssl/SunJSSE
Event: 15.855 Loading class sun/security/ssl/SunJSSE done
Event: 15.912 Loading class com/sun/crypto/provider/SunJCE
Event: 15.913 Loading class com/sun/crypto/provider/SunJCE done
Event: 15.948 Loading class com/sun/security/sasl/Provider
Event: 15.949 Loading class com/sun/security/sasl/Provider done
Event: 15.949 Loading class com/sun/security/sasl/Provider$1
Event: 15.951 Loading class com/sun/security/sasl/Provider$1 done
Event: 15.951 Loading class com/sun/security/sasl/Provider$ProviderService
Event: 15.952 Loading class com/sun/security/sasl/Provider$ProviderService done
Event: 15.954 Loading class sun/security/provider/certpath/ldap/JdkLDAP
Event: 15.955 Loading class sun/security/provider/certpath/ldap/JdkLDAP done
Event: 15.956 Loading class sun/security/provider/certpath/ldap/JdkLDAP$ProviderService
Event: 15.957 Loading class sun/security/provider/certpath/ldap/JdkLDAP$ProviderService done

Classes unloaded (0 events):
No events

Classes redefined (0 events):
No events

Internal exceptions (20 events):
Event: 9.292 Thread 0x000001e739f22f90 Exception <a 'java/lang/NoSuchMethodError'{0x00000000ccfda2c0}: 'java.lang.Object java.lang.invoke.DirectMethodHandle$Holder.invokeSpecial(java.lang.Object, java.lang.Object, java.lang.Object, int, java.lang.Object)'> (0x00000000ccfda2c0) 
thrown [s\open\src\hotspot\share\interpreter\linkResolver.cpp, line 773]
Event: 9.294 Thread 0x000001e739f22f90 Exception <a 'java/lang/NoSuchMethodError'{0x00000000ccfe1ad8}: 'java.lang.Object java.lang.invoke.DirectMethodHandle$Holder.newInvokeSpecial(java.lang.Object, java.lang.Object, java.lang.Object, int, java.lang.Object)'> (0x00000000ccfe1ad8) 
thrown [s\open\src\hotspot\share\interpreter\linkResolver.cpp, line 773]
Event: 9.295 Thread 0x000001e739f22f90 Exception <a 'java/lang/NoSuchMethodError'{0x00000000ccfe8fb0}: 'java.lang.Object java.lang.invoke.Invokers$Holder.linkToTargetMethod(java.lang.Object, java.lang.Object, int, java.lang.Object, java.lang.Object)'> (0x00000000ccfe8fb0) 
thrown [s\open\src\hotspot\share\interpreter\linkResolver.cpp, line 773]
Event: 9.299 Thread 0x000001e739f22f90 Exception <a 'java/lang/NoSuchMethodError'{0x00000000ccffee78}: 'java.lang.Object java.lang.invoke.DirectMethodHandle$Holder.newInvokeSpecial(java.lang.Object, int, java.lang.Object)'> (0x00000000ccffee78) 
thrown [s\open\src\hotspot\share\interpreter\linkResolver.cpp, line 773]
Event: 9.300 Thread 0x000001e739f22f90 Exception <a 'java/lang/NoSuchMethodError'{0x00000000cce03b08}: 'int java.lang.invoke.DirectMethodHandle$Holder.invokeSpecialIFC(java.lang.Object, java.lang.Object, java.lang.Object, java.lang.Object)'> (0x00000000cce03b08) 
thrown [s\open\src\hotspot\share\interpreter\linkResolver.cpp, line 773]
Event: 9.366 Thread 0x000001e739f22f90 Exception <a 'java/lang/NoSuchMethodError'{0x00000000ccd15d78}: 'void java.lang.invoke.DirectMethodHandle$Holder.invokeInterface(java.lang.Object, java.lang.Object, java.lang.Object)'> (0x00000000ccd15d78) 
thrown [s\open\src\hotspot\share\interpreter\linkResolver.cpp, line 773]
Event: 9.441 Thread 0x000001e739f22f90 Exception <a 'java/lang/NoSuchMethodError'{0x00000000ccdbc6c8}: 'void java.lang.invoke.DirectMethodHandle$Holder.invokeStaticInit(java.lang.Object, java.lang.Object, java.lang.Object)'> (0x00000000ccdbc6c8) 
thrown [s\open\src\hotspot\share\interpreter\linkResolver.cpp, line 773]
Event: 9.449 Thread 0x000001e739f22f90 Exception <a 'java/lang/NoSuchMethodError'{0x00000000ccdde798}: 'java.lang.Object java.lang.invoke.DirectMethodHandle$Holder.invokeStaticInit(java.lang.Object, int)'> (0x00000000ccdde798) 
thrown [s\open\src\hotspot\share\interpreter\linkResolver.cpp, line 773]
Event: 9.458 Thread 0x000001e739f22f90 Exception <a 'java/lang/NoSuchMethodError'{0x00000000ccdea8a8}: 'java.lang.Object java.lang.invoke.DirectMethodHandle$Holder.invokeStaticInit(java.lang.Object, int, java.lang.Object)'> (0x00000000ccdea8a8) 
thrown [s\open\src\hotspot\share\interpreter\linkResolver.cpp, line 773]
Event: 9.561 Thread 0x000001e739f22f90 Exception <a 'java/lang/NoSuchMethodError'{0x00000000ccce1988}: 'void java.lang.invoke.DirectMethodHandle$Holder.invokeVirtual(java.lang.Object, java.lang.Object, java.lang.Object, java.lang.Object)'> (0x00000000ccce1988) 
thrown [s\open\src\hotspot\share\interpreter\linkResolver.cpp, line 773]
Event: 9.960 Thread 0x000001e739f22f90 Exception <a 'java/lang/NoSuchMethodError'{0x00000000cc7bb328}: 'java.lang.Object java.lang.invoke.Invokers$Holder.invoke_MT(java.lang.Object, java.lang.Object, java.lang.Object, java.lang.Object, java.lang.Object, java.lang.Object, java.lang.Object, java.lang.Object, java.lang.Object)'> (0x00000000cc7bb328) 
thrown [s\open\src\hotspot\share\interpreter\linkResolver.cpp, line 773]
Event: 9.995 Thread 0x000001e739f22f90 Exception <a 'java/lang/NoSuchMethodError'{0x00000000cc43c520}: 'java.lang.reflect.Field[] java.lang.Class.getDeclaredFields(java.lang.Class)'> (0x00000000cc43c520) 
thrown [s\open\src\hotspot\share\interpreter\linkResolver.cpp, line 773]
Event: 10.047 Thread 0x000001e739f22f90 Exception <a 'java/lang/IncompatibleClassChangeError'{0x00000000cc4b3970}: Found class java.lang.Object, but interface was expected> (0x00000000cc4b3970) 
thrown [s\open\src\hotspot\share\interpreter\linkResolver.cpp, line 840]
Event: 14.566 Thread 0x000001e79b26b210 Exception <a 'java/lang/NoSuchMethodError'{0x00000000cc6e6648}: 'long java.lang.invoke.DirectMethodHandle$Holder.invokeSpecial(java.lang.Object, java.lang.Object)'> (0x00000000cc6e6648) 
thrown [s\open\src\hotspot\share\interpreter\linkResolver.cpp, line 773]
Event: 14.568 Thread 0x000001e79b26b210 Exception <a 'java/lang/NoSuchMethodError'{0x00000000cc6f01d0}: 'long java.lang.invoke.DirectMethodHandle$Holder.invokeStatic(java.lang.Object, java.lang.Object)'> (0x00000000cc6f01d0) 
thrown [s\open\src\hotspot\share\interpreter\linkResolver.cpp, line 773]
Event: 14.573 Thread 0x000001e79b26b210 Exception <a 'java/lang/NoSuchMethodError'{0x00000000cc6f3298}: 'long java.lang.invoke.DirectMethodHandle$Holder.invokeStaticInit(java.lang.Object, java.lang.Object)'> (0x00000000cc6f3298) 
thrown [s\open\src\hotspot\share\interpreter\linkResolver.cpp, line 773]
Event: 14.576 Thread 0x000001e79b26b210 Exception <a 'java/lang/NoSuchMethodError'{0x00000000cc6ff0f8}: 'long java.lang.invoke.DirectMethodHandle$Holder.invokeInterface(java.lang.Object, java.lang.Object)'> (0x00000000cc6ff0f8) 
thrown [s\open\src\hotspot\share\interpreter\linkResolver.cpp, line 773]
Event: 14.577 Thread 0x000001e79b26b210 Exception <a 'java/lang/IncompatibleClassChangeError'{0x00000000cc5026d0}: Found class java.lang.Object, but interface was expected> (0x00000000cc5026d0) 
thrown [s\open\src\hotspot\share\interpreter\linkResolver.cpp, line 840]
Event: 14.894 Thread 0x000001e739f22f90 Exception <a 'java/lang/NoSuchMethodError'{0x00000000cbe0c068}: 'java.lang.Object java.lang.invoke.DirectMethodHandle$Holder.invokeVirtual(java.lang.Object, java.lang.Object, java.lang.Object)'> (0x00000000cbe0c068) 
thrown [s\open\src\hotspot\share\interpreter\linkResolver.cpp, line 773]
Event: 14.927 Thread 0x000001e739f22f90 Exception <a 'java/lang/NoSuchMethodError'{0x00000000cbe308d8}: 'int java.lang.invoke.DirectMethodHandle$Holder.invokeSpecial(java.lang.Object, java.lang.Object, java.lang.Object, java.lang.Object, java.lang.Object)'> (0x00000000cbe308d8) 
thrown [s\open\src\hotspot\share\interpreter\linkResolver.cpp, line 773]

ZGC Phase Switch (0 events):
No events

VM Operations (20 events):
Event: 9.913 Executing VM operation: HandshakeAllThreads (Deoptimize)
Event: 9.913 Executing VM operation: HandshakeAllThreads (Deoptimize) done
Event: 10.245 Executing VM operation: G1CollectForAllocation (G1 Evacuation Pause)
Event: 10.252 Executing VM operation: G1CollectForAllocation (G1 Evacuation Pause) done
Event: 11.267 Executing VM operation: Cleanup
Event: 11.300 Executing VM operation: Cleanup done
Event: 11.331 Executing VM operation: HandshakeAllThreads (Deoptimize)
Event: 11.331 Executing VM operation: HandshakeAllThreads (Deoptimize) done
Event: 12.336 Executing VM operation: Cleanup
Event: 12.337 Executing VM operation: Cleanup done
Event: 13.341 Executing VM operation: Cleanup
Event: 13.444 Executing VM operation: Cleanup done
Event: 14.072 Executing VM operation: G1CollectForAllocation (G1 Evacuation Pause)
Event: 14.135 Executing VM operation: G1CollectForAllocation (G1 Evacuation Pause) done
Event: 14.342 Executing VM operation: HandshakeAllThreads (Deoptimize)
Event: 14.362 Executing VM operation: HandshakeAllThreads (Deoptimize) done
Event: 14.760 Executing VM operation: HandshakeAllThreads (Deoptimize)
Event: 14.760 Executing VM operation: HandshakeAllThreads (Deoptimize) done
Event: 15.582 Executing VM operation: G1CollectForAllocation (G1 Evacuation Pause)
Event: 15.593 Executing VM operation: G1CollectForAllocation (G1 Evacuation Pause) done

Events (15 events):
Event: 0.431 Thread 0x000001e739f22f90 Thread added: 0x000001e739f22f90
Event: 0.989 Thread 0x000001e739fed410 Thread added: 0x000001e739fed410
Event: 0.991 Thread 0x000001e75488dfd0 Thread added: 0x000001e75488dfd0
Event: 0.996 Thread 0x000001e754890e60 Thread added: 0x000001e754890e60
Event: 0.996 Thread 0x000001e7548918b0 Thread added: 0x000001e7548918b0
Event: 0.996 Thread 0x000001e7548924b0 Thread added: 0x000001e7548924b0
Event: 0.997 Thread 0x000001e754899aa0 Thread added: 0x000001e754899aa0
Event: 1.005 Thread 0x000001e7548a5590 Thread added: 0x000001e7548a5590
Event: 1.005 Thread 0x000001e7548afc50 Thread added: 0x000001e7548afc50
Event: 2.226 Thread 0x000001e75496e780 Thread added: 0x000001e75496e780
Event: 3.594 Thread 0x000001e754bf8520 Thread added: 0x000001e754bf8520
Event: 3.595 Thread 0x000001e754bfe1c0 Thread added: 0x000001e754bfe1c0
Event: 3.600 Thread 0x000001e754bfec50 Thread added: 0x000001e754bfec50
Event: 5.393 Thread 0x000001e79a4c7a60 Thread added: 0x000001e79a4c7a60
Event: 9.952 Thread 0x000001e79b26b210 Thread added: 0x000001e79b26b210


Dynamic libraries:
0x00007ff6816e0000 - 0x00007ff6816f0000 	C:\Program Files\Java\jdk-21\bin\javaw.exe
0x00007ffb531d0000 - 0x00007ffb533c8000 	C:\Windows\SYSTEM32\ntdll.dll
0x00007ffb51790000 - 0x00007ffb51852000 	C:\Windows\System32\KERNEL32.DLL
0x00007ffb50bc0000 - 0x00007ffb50eb6000 	C:\Windows\System32\KERNELBASE.dll
0x00007ffb510a0000 - 0x00007ffb511a0000 	C:\Windows\System32\ucrtbase.dll
0x00007ffb3c7b0000 - 0x00007ffb3c7c9000 	C:\Program Files\Java\jdk-21\bin\jli.dll
0x00007ffb51250000 - 0x00007ffb51301000 	C:\Windows\System32\ADVAPI32.dll
0x00007ffb52080000 - 0x00007ffb5211e000 	C:\Windows\System32\msvcrt.dll
0x00007ffb51f10000 - 0x00007ffb51faf000 	C:\Windows\System32\sechost.dll
0x00007ffb51de0000 - 0x00007ffb51f00000 	C:\Windows\System32\RPCRT4.dll
0x00007ffb50a30000 - 0x00007ffb50a57000 	C:\Windows\System32\bcrypt.dll
0x00007ffb3c760000 - 0x00007ffb3c77b000 	C:\Program Files\Java\jdk-21\bin\VCRUNTIME140.dll
0x00007ffb52840000 - 0x00007ffb529e1000 	C:\Windows\System32\USER32.dll
0x00007ffb50a00000 - 0x00007ffb50a22000 	C:\Windows\System32\win32u.dll
0x00007ffb51b30000 - 0x00007ffb51b5b000 	C:\Windows\System32\GDI32.dll
0x00007ffb508e0000 - 0x00007ffb509f9000 	C:\Windows\System32\gdi32full.dll
0x00007ffb50ec0000 - 0x00007ffb50f5d000 	C:\Windows\System32\msvcp_win.dll
0x00007ffb3d6d0000 - 0x00007ffb3d96b000 	C:\Windows\WinSxS\amd64_microsoft.windows.common-controls_6595b64144ccf1df_6.0.19041.6456_none_60b8a6cb71f64256\COMCTL32.dll
0x00007ffb48530000 - 0x00007ffb4853a000 	C:\Windows\SYSTEM32\VERSION.dll
0x00007ffb529f0000 - 0x00007ffb52a1f000 	C:\Windows\System32\IMM32.DLL
0x00007ffb4c730000 - 0x00007ffb4c73c000 	C:\Program Files\Java\jdk-21\bin\vcruntime140_1.dll
0x00007ffb1fa30000 - 0x00007ffb1fabe000 	C:\Program Files\Java\jdk-21\bin\msvcp140.dll
0x00007ffb100a0000 - 0x00007ffb10db8000 	C:\Program Files\Java\jdk-21\bin\server\jvm.dll
0x00007ffb527d0000 - 0x00007ffb5283b000 	C:\Windows\System32\WS2_32.dll
0x00007ffb506c0000 - 0x00007ffb5070b000 	C:\Windows\SYSTEM32\POWRPROF.dll
0x00007ffb4ee10000 - 0x00007ffb4ee37000 	C:\Windows\SYSTEM32\WINMM.dll
0x00007ffb506a0000 - 0x00007ffb506b2000 	C:\Windows\SYSTEM32\UMPDC.dll
0x00007ffb4f070000 - 0x00007ffb4f082000 	C:\Windows\SYSTEM32\kernel.appcore.dll
0x00007ffb4b3a0000 - 0x00007ffb4b3aa000 	C:\Program Files\Java\jdk-21\bin\jimage.dll
0x00007ffb4ec00000 - 0x00007ffb4ee01000 	C:\Windows\SYSTEM32\DBGHELP.DLL
0x00007ffb4ebc0000 - 0x00007ffb4ebf4000 	C:\Windows\SYSTEM32\dbgcore.DLL
0x00007ffb51010000 - 0x00007ffb51092000 	C:\Windows\System32\bcryptPrimitives.dll
0x00007ffb36f40000 - 0x00007ffb36f7c000 	C:\Program Files\Java\jdk-21\bin\jdwp.dll
0x00007ffb49690000 - 0x00007ffb4969f000 	C:\Program Files\Java\jdk-21\bin\instrument.dll
0x00007ffb36c70000 - 0x00007ffb36c8f000 	C:\Program Files\Java\jdk-21\bin\java.dll
0x00007ffb52a20000 - 0x00007ffb53190000 	C:\Windows\System32\SHELL32.dll
0x00007ffb4e400000 - 0x00007ffb4eba5000 	C:\Windows\SYSTEM32\windows.storage.dll
0x00007ffb51310000 - 0x00007ffb51664000 	C:\Windows\System32\combase.dll
0x00007ffb501b0000 - 0x00007ffb501db000 	C:\Windows\SYSTEM32\Wldp.dll
0x00007ffb51fb0000 - 0x00007ffb5207d000 	C:\Windows\System32\OLEAUT32.dll
0x00007ffb51670000 - 0x00007ffb5171d000 	C:\Windows\System32\SHCORE.dll
0x00007ffb51b60000 - 0x00007ffb51bbb000 	C:\Windows\System32\shlwapi.dll
0x00007ffb50790000 - 0x00007ffb507b4000 	C:\Windows\SYSTEM32\profapi.dll
0x00007ffb1f950000 - 0x00007ffb1fa27000 	C:\Program Files\Java\jdk-21\bin\jsvml.dll
0x00007ffb3ebc0000 - 0x00007ffb3ebcc000 	C:\Program Files\Java\jdk-21\bin\dt_socket.dll
0x00007ffb4fbf0000 - 0x00007ffb4fc2b000 	C:\Windows\SYSTEM32\IPHLPAPI.DLL
0x00007ffb4ff10000 - 0x00007ffb4ff7a000 	C:\Windows\system32\mswsock.dll
0x00007ffb4fc30000 - 0x00007ffb4fcfa000 	C:\Windows\SYSTEM32\DNSAPI.dll
0x00007ffb51b20000 - 0x00007ffb51b28000 	C:\Windows\System32\NSI.dll
0x00007ffb401e0000 - 0x00007ffb401ea000 	C:\Windows\System32\rasadhlp.dll
0x00007ffb40450000 - 0x00007ffb404d0000 	C:\Windows\System32\fwpuclnt.dll
0x00007ffb36a10000 - 0x00007ffb36a28000 	C:\Program Files\Java\jdk-21\bin\zip.dll
0x00007ffb3eae0000 - 0x00007ffb3eaf0000 	C:\Program Files\Java\jdk-21\bin\net.dll
0x00007ffb473a0000 - 0x00007ffb474aa000 	C:\Windows\SYSTEM32\WINHTTP.dll
0x00007ffb36720000 - 0x00007ffb36736000 	C:\Program Files\Java\jdk-21\bin\nio.dll
0x00007ffb3ce60000 - 0x00007ffb3ce70000 	C:\Program Files\Java\jdk-21\bin\verify.dll
0x00007ffb3cd70000 - 0x00007ffb3cd7e000 	C:\Program Files\Java\jdk-21\bin\sunmscapi.dll
0x00007ffb50a60000 - 0x00007ffb50bbd000 	C:\Windows\System32\CRYPT32.dll
0x00007ffb50220000 - 0x00007ffb50247000 	C:\Windows\SYSTEM32\ncrypt.dll
0x00007ffb501e0000 - 0x00007ffb5021b000 	C:\Windows\SYSTEM32\NTASN1.dll

dbghelp: loaded successfully - version: 4.0.5 - missing functions: none
symbol engine: initialized successfully - sym options: 0x614 - pdb path: .;C:\Program Files\Java\jdk-21\bin;C:\Windows\SYSTEM32;C:\Windows\WinSxS\amd64_microsoft.windows.common-controls_6595b64144ccf1df_6.0.19041.6456_none_60b8a6cb71f64256;C:\Program Files\Java\jdk-21\bin\server

VM Arguments:
jvm_args: -XX:+ShowCodeDetailsInExceptionMessages -agentlib:jdwp=transport=dt_socket,suspend=y,address=localhost:49319 -javaagent:C:\Users\Dell\eclipse\java-2024-09\eclipse\configuration\org.eclipse.osgi\251\0\.cp\lib\javaagent-shaded.jar -Dfile.encoding=UTF-8 -Dstdout.encoding=UTF-8 -Dstderr.encoding=UTF-8 
java_command: com.sthapatya.inc.IncApplication
java_class_path (initial): C:\Users\Dell\Desktop\websites\construction-demo\backend\inc\target\classes;C:\Users\Dell\.m2\repository\org\springframework\boot\spring-boot-starter-data-mongodb\4.0.5\spring-boot-starter-data-mongodb-4.0.5.jar;C:\Users\Dell\.m2\repository\org\springframework\boot\spring-boot-starter-mongodb\4.0.5\spring-boot-starter-mongodb-4.0.5.jar;C:\Users\Dell\.m2\repository\org\springframework\boot\spring-boot-mongodb\4.0.5\spring-boot-mongodb-4.0.5.jar;C:\Users\Dell\.m2\repository\org\mongodb\mongodb-driver-sync\5.6.4\mongodb-driver-sync-5.6.4.jar;C:\Users\Dell\.m2\repository\org\mongodb\bson\5.6.4\bson-5.6.4.jar;C:\Users\Dell\.m2\repository\org\mongodb\mongodb-driver-core\5.6.4\mongodb-driver-core-5.6.4.jar;C:\Users\Dell\.m2\repository\org\mongodb\bson-record-codec\5.6.4\bson-record-codec-5.6.4.jar;C:\Users\Dell\.m2\repository\org\springframework\boot\spring-boot-data-mongodb\4.0.5\spring-boot-data-mongodb-4.0.5.jar;C:\Users\Dell\.m2\repository\org\springframework\boot\spring-boot-data-commons\4.0.5\spring-boot-data-commons-4.0.5.jar;C:\Users\Dell\.m2\repository\org\springframework\boot\spring-boot-persistence\4.0.5\spring-boot-persistence-4.0.5.jar;C:\Users\Dell\.m2\repository\org\springframework\data\spring-data-commons\4.0.4\spring-data-commons-4.0.4.jar;C:\Users\Dell\.m2\repository\org\springframework\boot\spring-boot-transaction\4.0.5\spring-boot-transaction-4.0.5.jar;C:\Users\Dell\.m2\repository\org\springframework\spring-tx\7.0.6\spring-tx-7.0.6.jar;C:\Users\Dell\.m2\repository\org\springframework\data\spring-data-mongodb\5.0.4\spring-data-mongodb-5.0.4.jar;C:\Users\Dell\.m2\repository\org\springframework\spring-context\7.0.6\spring-context-7.0.6.jar;C:\Users\Dell\.m2\repository\org\springframework\spring-beans\7.0.6\spring-beans-7.0.6.jar;C:\Users\Dell\.m2\repository\org\springframework\spring-expression\7.0.6\spring-expression-7.0.6.jar;C:\Users\Dell\.m2\repository\org\slf4j\slf4j-api\2.0.17\slf4j-api-2.0.17.jar;C:\Users\Dell\.m2\repository\org\springframework\boot\spring-boot-starter-webmvc\4.0.5\spring-boot-starter-webmvc-4.0.5.jar;C:\Users\Dell\.m2\repository\org\springframework\boot\spring-boot-starter\4.0.5\spring-boot-starter-4.0.5.jar;C:\Users\Dell\.m2\repository\org\springframework\boot\spring-boot-starter-logging\4.0.5\spring-boot-starter-logging-4.0.5.jar;C:\Users\Dell\.m2\repository\ch\qos\logback\logback-classic\1.5.32\logback-classic-1.5.32.jar;C:\Users\Dell\.m2\repository\ch\qos\logback\logback-core\1.5.32\logback-core-1.5.32.jar;C:\Users\Dell\.m2\repository\org\apache\logging\log4j\log4j-to-slf4j\2.25.3\log4j-to-slf4j-2.25.3.jar;C:\Users\Dell\.m2\repository\org\apache\logging\log4j\log4j-api\2.25.3\log4j-api-2.25.3.jar;C:\Users\Dell\.m2\repository\org\slf4j\jul-to-slf4j\2.0.17\jul-to-slf4j-2.0.17.jar;C:\Users\Dell\.m2\repository\org\springframework\boot\spring-boot-autoconfigure\4.0.5\spring-boot-autoconfigure-4.0.5.jar;C:\Users\Dell\.m2\repository\jakarta\annotation\jakarta.annotation-api\3.0.0\jakarta.annotation-api-3.0.0.jar;C:\Users\Dell\.m2\repository\org\yaml\snakeyaml\2.5\snakeyaml-2.5.jar;C:\Users\Dell\.m2\repository\org\springframework\boot\spring-boot-starter-jackson\4.0.5\spring-boot-starter-jackson-4.0.5.jar;C:\Users\Dell\.m2\repository\org\springframework\boot\spring-boot-jackson\4.0.5\spring-boot-jackson-4.0.5.jar;C:\Users\Dell\.m2\repository\tools\jackson\core\jackson-databind\3.1.0\jackson-databind-3.1.0.jar;C:\Users\Dell\.m2\repository\com\fasterxml\jackson\core\jackson-annotations\2.21\jackson-annotations-2.21.jar;C:\Users\Dell\.m2\repository\tools\jackson\core\jackson-core\3.1.0\jackson-core-3.1.0.jar;C:\Users\Dell\.m2\repository\org\springframework\boot\spring-boot-starter-tomcat\4.0.5\spring-boot-starter-tomcat-4.0.5.jar;C:\Users\Dell\.m2\repository\org\springframework\boot\spring-boot-starter-tomcat-runtime\4.0.5\spring-boot-starter-tomcat-runtime-4.0.5.jar;C:\Users\Dell\.m2\repository\org\apache\tomcat\embed\tomcat-embed-core\11.0.20\tomcat-embed-core-11.0.20.jar;C:\Users\Dell\.m2\repository\org\apache\tomcat\embed\tomcat-embed-el\11.0.20\tomcat-embed-el-11.0.20.jar;C:\Users\Dell\.m2\repository\org\apache\tomcat\embed\tomcat-embed-websocket\11.0.20\tomcat-embed-websocket-11.0.20.jar;C:\Users\Dell\.m2\repository\org\springframework\boot\spring-boot-tomcat\4.0.5\spring-boot-tomcat-4.0.5.jar;C:\Users\Dell\.m2\repository\org\springframework\boot\spring-boot-http-converter\4.0.5\spring-boot-http-converter-4.0.5.jar;C:\Users\Dell\.m2\repository\org\springframework\boot\spring-boot\4.0.5\spring-boot-4.0.5.jar;C:\Users\Dell\.m2\repository\org\springframework\spring-web\7.0.6\spring-web-7.0.6.jar;C:\Users\Dell\.m2\repository\io\micrometer\micrometer-observation\1.16.4\micrometer-observation-1.16.4.jar;C:\Users\Dell\.m2\repository\io\micrometer\micrometer-commons\1.16.4\micrometer-commons-1.16.4.jar;C:\Users\Dell\.m2\repository\org\springframework\boot\spring-boot-webmvc\4.0.5\spring-boot-webmvc-4.0.5.jar;C:\Users\Dell\.m2\repository\org\springframework\boot\spring-boot-servlet\4.0.5\spring-boot-servlet-4.0.5.jar;C:\Users\Dell\.m2\repository\org\springframework\spring-webmvc\7.0.6\spring-webmvc-7.0.6.jar;C:\Users\Dell\.m2\repository\org\springframework\spring-aop\7.0.6\spring-aop-7.0.6.jar;C:\Users\Dell\.m2\repository\org\projectlombok\lombok\1.18.44\lombok-1.18.44.jar;C:\Users\Dell\.m2\repository\org\springframework\spring-core\7.0.6\spring-core-7.0.6.jar;C:\Users\Dell\.m2\repository\commons-logging\commons-logging\1.3.6\commons-logging-1.3.6.jar;C:\Users\Dell\.m2\repository\org\jspecify\jspecify\1.0.0\jspecify-1.0.0.jar;C:\Users\Dell\.m2\repository\org\springframework\boot\spring-boot-web-server\4.0.5\spring-boot-web-server-4.0.5.jar
Launcher Type: SUN_STANDARD

[Global flags]
     intx CICompilerCount                          = 3                                         {product} {ergonomic}
     uint ConcGCThreads                            = 1                                         {product} {ergonomic}
     uint G1ConcRefinementThreads                  = 4                                         {product} {ergonomic}
   size_t G1HeapRegionSize                         = 1048576                                   {product} {ergonomic}
    uintx GCDrainStackTargetSize                   = 64                                        {product} {ergonomic}
   size_t InitialHeapSize                          = 58720256                                  {product} {ergonomic}
   size_t MarkStackSize                            = 4194304                                   {product} {ergonomic}
   size_t MaxHeapSize                              = 910163968                                 {product} {ergonomic}
   size_t MaxNewSize                               = 545259520                                 {product} {ergonomic}
   size_t MinHeapDeltaBytes                        = 1048576                                   {product} {ergonomic}
   size_t MinHeapSize                              = 8388608                                   {product} {ergonomic}
    uintx NonNMethodCodeHeapSize                   = 5832780                                {pd product} {ergonomic}
    uintx NonProfiledCodeHeapSize                  = 122912730                              {pd product} {ergonomic}
    uintx ProfiledCodeHeapSize                     = 122912730                              {pd product} {ergonomic}
    uintx ReservedCodeCacheSize                    = 251658240                              {pd product} {ergonomic}
     bool SegmentedCodeCache                       = true                                      {product} {ergonomic}
     bool ShowCodeDetailsInExceptionMessages       = true                                   {manageable} {command line}
   size_t SoftMaxHeapSize                          = 910163968                              {manageable} {ergonomic}
     bool UseCompressedOops                        = true                           {product lp64_product} {ergonomic}
     bool UseG1GC                                  = true                                      {product} {ergonomic}
     bool UseLargePagesIndividualAllocation        = false                                  {pd product} {ergonomic}

Logging:
Log output configuration:
 #0: stdout all=warning uptime,level,tags foldmultilines=false
 #1: stderr all=off uptime,level,tags foldmultilines=false

Environment Variables:
PATH=C:/Users/Dell/.p2/pool/plugins/org.eclipse.justj.openjdk.hotspot.jre.full.win32.x86_64_23.0.1.v20241024-1700/jre/bin/server;C:/Users/Dell/.p2/pool/plugins/org.eclipse.justj.openjdk.hotspot.jre.full.win32.x86_64_23.0.1.v20241024-1700/jre/bin;C:\Program Files\Common Files\Oracle\Java\javapath;C:\Windows\system32;C:\Windows;C:\Windows\System32\Wbem;C:\Windows\System32\WindowsPowerShell\v1.0\;C:\Windows\System32\OpenSSH\;C:\ProgramData\chocolatey\bin;C:\Program Files\nodejs\;C:\Program Files\Java\jdk-21\bin;C:\Gradle\gradle-8.9\bin;C:\Program Files\MongoDB\Server\7.0\bin;C:\Program Files\Git\cmd;C:\Users\Dell\AppData\Local\Microsoft\WindowsApps;C:\Users\Dell\AppData\Local\Programs\Microsoft VS Code\bin;C:\Users\Dell\AppData\Roaming\npm;C:\Users\Dell\AppData\Local\Programs\mongosh\;C:\Program Files\mongosh\;C:\Program Files\JetBrains\IntelliJ IDEA Community Edition 2025.1\bin;;C:\Users\Dell\Desktop;
USERNAME=Dell
OS=Windows_NT
PROCESSOR_IDENTIFIER=AMD64 Family 23 Model 24 Stepping 1, AuthenticAMD
TMP=C:\Users\Dell\AppData\Local\Temp
TEMP=C:\Users\Dell\AppData\Local\Temp




Periodic native trim disabled

---------------  S Y S T E M  ---------------

OS:
 Windows 10 , 64 bit Build 19041 (10.0.19041.5915)
OS uptime: 24 days 23:51 hours

CPU: total 4 (initial active 4) (4 cores per cpu, 2 threads per core) family 23 model 24 stepping 1 microcode 0x0, cx8, cmov, fxsr, ht, mmx, 3dnowpref, sse, sse2, sse3, ssse3, sse4a, sse4.1, sse4.2, popcnt, lzcnt, tsc, tscinvbit, avx, avx2, aes, clmul, bmi1, bmi2, adx, sha, fma, vzeroupper, clflush, clflushopt, rdtscp, f16c
Processor Information for all 4 processors :
  Max Mhz: 2600, Current Mhz: 2600, Mhz Limit: 2600

Memory: 4k page, system-wide physical 3470M (75M free)
TotalPageFile size 14222M (AvailPageFile size 1M)
current process WorkingSet (physical memory assigned to process): 121M, peak: 146M
current process commit charge ("private bytes"): 171M, peak: 200M

vm_info: Java HotSpot(TM) 64-Bit Server VM (21.0.5+9-LTS-239) for windows-amd64 JRE (21.0.5+9-LTS-239), built on 2024-09-30T05:17:38Z by "mach5one" with MS VC++ 17.6 (VS2022)

END.
